This is pdfTeX, Version 3.141592653-2.6-1.40.24 (MiKTeX 22.10) (preloaded format=pdflatex 2023.4.3)  5 MAR 2024 19:59
entering extended mode
 restricted \write18 enabled.
 %&-line parsing enabled.
**./definic.tex
(definic.tex
LaTeX2e <2022-06-01> patch level 5
L3 programming layer <2022-09-28>
(C:\Users\Rado\AppData\Local\Programs\MiKTeX\tex/latex/base\report.cls
Document Class: report 2021/10/04 v1.4n Standard LaTeX document class
(C:\Users\Rado\AppData\Local\Programs\MiKTeX\tex/latex/base\size10.clo
File: size10.clo 2021/10/04 v1.4n Standard LaTeX file (size option)
)
\c@part=\count185
\c@chapter=\count186
\c@section=\count187
\c@subsection=\count188
\c@subsubsection=\count189
\c@paragraph=\count190
\c@subparagraph=\count191
\c@figure=\count192
\c@table=\count193
\abovecaptionskip=\skip47
\belowcaptionskip=\skip48
\bibindent=\dimen138
)
(C:\Users\Rado\AppData\Local\Programs\MiKTeX\tex/latex/graphics\graphicx.sty
Package: graphicx 2021/09/16 v1.2d Enhanced LaTeX Graphics (DPC,SPQR)

(C:\Users\Rado\AppData\Local\Programs\MiKTeX\tex/latex/graphics\keyval.sty
Package: keyval 2022/05/29 v1.15 key=value parser (DPC)
\KV@toks@=\toks16
)
(C:\Users\Rado\AppData\Local\Programs\MiKTeX\tex/latex/graphics\graphics.sty
Package: graphics 2022/03/10 v1.4e Standard LaTeX Graphics (DPC,SPQR)

(C:\Users\Rado\AppData\Local\Programs\MiKTeX\tex/latex/graphics\trig.sty
Package: trig 2021/08/11 v1.11 sin cos tan (DPC)
)
(C:\Users\Rado\AppData\Local\Programs\MiKTeX\tex/latex/graphics-cfg\graphics.cf
g
File: graphics.cfg 2016/06/04 v1.11 sample graphics configuration
)
Package graphics Info: Driver file: pdftex.def on input line 107.

(C:\Users\Rado\AppData\Local\Programs\MiKTeX\tex/latex/graphics-def\pdftex.def
File: pdftex.def 2022/09/22 v1.2b Graphics/color driver for pdftex
\stockwidth=\dimen139
\stockheight=\dimen140
))
\Gin@req@height=\dimen141
\Gin@req@width=\dimen142
) (C:\Users\Rado\AppData\Local\Programs\MiKTeX\tex/latex/varwidth\varwidth.sty
Package: varwidth 2009/03/30 ver 0.92;  Variable-width minipages
\@vwid@box=\box51
\sift@deathcycles=\count194
\@vwid@loff=\dimen143
\@vwid@roff=\dimen144
) (C:\Users\Rado\AppData\Local\Programs\MiKTeX\tex/latex/enumitem\enumitem.sty
Package: enumitem 2019/06/20 v3.9 Customized lists
\labelindent=\skip49
\enit@outerparindent=\dimen145
\enit@toks=\toks17
\enit@inbox=\box52
\enit@count@id=\count195
\enitdp@description=\count196
) (C:\Users\Rado\AppData\Local\Programs\MiKTeX\tex/latex/amsmath\amsmath.sty
Package: amsmath 2022/04/08 v2.17n AMS math features
\@mathmargin=\skip50

For additional information on amsmath, use the `?' option.
(C:\Users\Rado\AppData\Local\Programs\MiKTeX\tex/latex/amsmath\amstext.sty
Package: amstext 2021/08/26 v2.01 AMS text

(C:\Users\Rado\AppData\Local\Programs\MiKTeX\tex/latex/amsmath\amsgen.sty
File: amsgen.sty 1999/11/30 v2.0 generic functions
\@emptytoks=\toks18
\ex@=\dimen146
))
(C:\Users\Rado\AppData\Local\Programs\MiKTeX\tex/latex/amsmath\amsbsy.sty
Package: amsbsy 1999/11/29 v1.2d Bold Symbols
\pmbraise@=\dimen147
)
(C:\Users\Rado\AppData\Local\Programs\MiKTeX\tex/latex/amsmath\amsopn.sty
Package: amsopn 2022/04/08 v2.04 operator names
)
\inf@bad=\count197
LaTeX Info: Redefining \frac on input line 234.
\uproot@=\count198
\leftroot@=\count199
LaTeX Info: Redefining \overline on input line 399.
LaTeX Info: Redefining \colon on input line 410.
\classnum@=\count266
\DOTSCASE@=\count267
LaTeX Info: Redefining \ldots on input line 496.
LaTeX Info: Redefining \dots on input line 499.
LaTeX Info: Redefining \cdots on input line 620.
\Mathstrutbox@=\box53
\strutbox@=\box54
LaTeX Info: Redefining \big on input line 722.
LaTeX Info: Redefining \Big on input line 723.
LaTeX Info: Redefining \bigg on input line 724.
LaTeX Info: Redefining \Bigg on input line 725.
\big@size=\dimen148
LaTeX Font Info:    Redeclaring font encoding OML on input line 743.
LaTeX Font Info:    Redeclaring font encoding OMS on input line 744.
\macc@depth=\count268
LaTeX Info: Redefining \bmod on input line 905.
LaTeX Info: Redefining \pmod on input line 910.
LaTeX Info: Redefining \smash on input line 940.
LaTeX Info: Redefining \relbar on input line 970.
LaTeX Info: Redefining \Relbar on input line 971.
\c@MaxMatrixCols=\count269
\dotsspace@=\muskip16
\c@parentequation=\count270
\dspbrk@lvl=\count271
\tag@help=\toks19
\row@=\count272
\column@=\count273
\maxfields@=\count274
\andhelp@=\toks20
\eqnshift@=\dimen149
\alignsep@=\dimen150
\tagshift@=\dimen151
\tagwidth@=\dimen152
\totwidth@=\dimen153
\lineht@=\dimen154
\@envbody=\toks21
\multlinegap=\skip51
\multlinetaggap=\skip52
\mathdisplay@stack=\toks22
LaTeX Info: Redefining \[ on input line 2953.
LaTeX Info: Redefining \] on input line 2954.
)
(C:\Users\Rado\AppData\Local\Programs\MiKTeX\tex/latex/amsfonts\amssymb.sty
Package: amssymb 2013/01/14 v3.01 AMS font symbols

(C:\Users\Rado\AppData\Local\Programs\MiKTeX\tex/latex/amsfonts\amsfonts.sty
Package: amsfonts 2013/01/14 v3.01 Basic AMSFonts support
\symAMSa=\mathgroup4
\symAMSb=\mathgroup5
LaTeX Font Info:    Redeclaring math symbol \hbar on input line 98.
LaTeX Font Info:    Overwriting math alphabet `\mathfrak' in version `bold'
(Font)                  U/euf/m/n --> U/euf/b/n on input line 106.
))
(C:\Users\Rado\AppData\Local\Programs\MiKTeX\tex/latex/psnfss\pifont.sty
Package: pifont 2020/03/25 PSNFSS-v9.3 Pi font support (SPQR) 
LaTeX Font Info:    Trying to load font information for U+pzd on input line 63.


(C:\Users\Rado\AppData\Local\Programs\MiKTeX\tex/latex/psnfss\upzd.fd
File: upzd.fd 2001/06/04 font definitions for U/pzd.
)
LaTeX Font Info:    Trying to load font information for U+psy on input line 64.


(C:\Users\Rado\AppData\Local\Programs\MiKTeX\tex/latex/psnfss\upsy.fd
File: upsy.fd 2001/06/04 font definitions for U/psy.
))
(C:\Users\Rado\AppData\Local\Programs\MiKTeX\tex/latex/arydshln\arydshln.sty
Package: arydshln 2019/02/21 v1.76 
\dashlinedash=\dimen155
\dashlinegap=\dimen156
\adl@box=\box55
\adl@height=\dimen157
\adl@heightsave=\dimen158
\adl@depth=\dimen159
\adl@depthsave=\dimen160
\adl@finaldepth=\dimen161
\adl@columns=\count275
\adl@ncol=\count276
\adl@currentcolumn=\count277
\adl@currentcolumnsave=\count278
\adl@totalheight=\count279
\adl@totalheightsave=\count280
\adl@dash=\count281
\adl@gap=\count282
\adl@cla=\count283
\adl@clb=\count284
\adl@everyvbox=\toks23
\adl@LTpagetotal=\dimen162
)
(C:\Users\Rado\AppData\Local\Programs\MiKTeX\tex/latex/pgf/frontendlayer\tikz.s
ty
(C:\Users\Rado\AppData\Local\Programs\MiKTeX\tex/latex/pgf/basiclayer\pgf.sty
(C:\Users\Rado\AppData\Local\Programs\MiKTeX\tex/latex/pgf/utilities\pgfrcs.sty

(C:\Users\Rado\AppData\Local\Programs\MiKTeX\tex/generic/pgf/utilities\pgfutil-
common.tex
\pgfutil@everybye=\toks24
\pgfutil@tempdima=\dimen163
\pgfutil@tempdimb=\dimen164

(C:\Users\Rado\AppData\Local\Programs\MiKTeX\tex/generic/pgf/utilities\pgfutil-
common-lists.tex))
(C:\Users\Rado\AppData\Local\Programs\MiKTeX\tex/generic/pgf/utilities\pgfutil-
latex.def
\pgfutil@abb=\box56
)
(C:\Users\Rado\AppData\Local\Programs\MiKTeX\tex/generic/pgf/utilities\pgfrcs.c
ode.tex
(C:\Users\Rado\AppData\Local\Programs\MiKTeX\tex/generic/pgf\pgf.revision.tex)
Package: pgfrcs 2021/05/15 v3.1.9a (3.1.9a)
))
Package: pgf 2021/05/15 v3.1.9a (3.1.9a)

(C:\Users\Rado\AppData\Local\Programs\MiKTeX\tex/latex/pgf/basiclayer\pgfcore.s
ty
(C:\Users\Rado\AppData\Local\Programs\MiKTeX\tex/latex/pgf/systemlayer\pgfsys.s
ty
(C:\Users\Rado\AppData\Local\Programs\MiKTeX\tex/generic/pgf/systemlayer\pgfsys
.code.tex
Package: pgfsys 2021/05/15 v3.1.9a (3.1.9a)

(C:\Users\Rado\AppData\Local\Programs\MiKTeX\tex/generic/pgf/utilities\pgfkeys.
code.tex
\pgfkeys@pathtoks=\toks25
\pgfkeys@temptoks=\toks26

(C:\Users\Rado\AppData\Local\Programs\MiKTeX\tex/generic/pgf/utilities\pgfkeysf
iltered.code.tex
\pgfkeys@tmptoks=\toks27
))
\pgf@x=\dimen165
\pgf@y=\dimen166
\pgf@xa=\dimen167
\pgf@ya=\dimen168
\pgf@xb=\dimen169
\pgf@yb=\dimen170
\pgf@xc=\dimen171
\pgf@yc=\dimen172
\pgf@xd=\dimen173
\pgf@yd=\dimen174
\w@pgf@writea=\write3
\r@pgf@reada=\read2
\c@pgf@counta=\count285
\c@pgf@countb=\count286
\c@pgf@countc=\count287
\c@pgf@countd=\count288
\t@pgf@toka=\toks28
\t@pgf@tokb=\toks29
\t@pgf@tokc=\toks30
\pgf@sys@id@count=\count289

(C:\Users\Rado\AppData\Local\Programs\MiKTeX\tex/generic/pgf/systemlayer\pgf.cf
g
File: pgf.cfg 2021/05/15 v3.1.9a (3.1.9a)
)
Driver file for pgf: pgfsys-pdftex.def

(C:\Users\Rado\AppData\Local\Programs\MiKTeX\tex/generic/pgf/systemlayer\pgfsys
-pdftex.def
File: pgfsys-pdftex.def 2021/05/15 v3.1.9a (3.1.9a)

(C:\Users\Rado\AppData\Local\Programs\MiKTeX\tex/generic/pgf/systemlayer\pgfsys
-common-pdf.def
File: pgfsys-common-pdf.def 2021/05/15 v3.1.9a (3.1.9a)
)))
(C:\Users\Rado\AppData\Local\Programs\MiKTeX\tex/generic/pgf/systemlayer\pgfsys
softpath.code.tex
File: pgfsyssoftpath.code.tex 2021/05/15 v3.1.9a (3.1.9a)
\pgfsyssoftpath@smallbuffer@items=\count290
\pgfsyssoftpath@bigbuffer@items=\count291
)
(C:\Users\Rado\AppData\Local\Programs\MiKTeX\tex/generic/pgf/systemlayer\pgfsys
protocol.code.tex
File: pgfsysprotocol.code.tex 2021/05/15 v3.1.9a (3.1.9a)
))
(C:\Users\Rado\AppData\Local\Programs\MiKTeX\tex/latex/xcolor\xcolor.sty
Package: xcolor 2022/06/12 v2.14 LaTeX color extensions (UK)

(C:\Users\Rado\AppData\Local\Programs\MiKTeX\tex/latex/graphics-cfg\color.cfg
File: color.cfg 2016/01/02 v1.6 sample color configuration
)
Package xcolor Info: Driver file: pdftex.def on input line 227.

(C:\Users\Rado\AppData\Local\Programs\MiKTeX\tex/latex/graphics\mathcolor.ltx)
Package xcolor Info: Model `cmy' substituted by `cmy0' on input line 1353.
Package xcolor Info: Model `hsb' substituted by `rgb' on input line 1357.
Package xcolor Info: Model `RGB' extended on input line 1369.
Package xcolor Info: Model `HTML' substituted by `rgb' on input line 1371.
Package xcolor Info: Model `Hsb' substituted by `hsb' on input line 1372.
Package xcolor Info: Model `tHsb' substituted by `hsb' on input line 1373.
Package xcolor Info: Model `HSB' substituted by `hsb' on input line 1374.
Package xcolor Info: Model `Gray' substituted by `gray' on input line 1375.
Package xcolor Info: Model `wave' substituted by `hsb' on input line 1376.
)
(C:\Users\Rado\AppData\Local\Programs\MiKTeX\tex/generic/pgf/basiclayer\pgfcore
.code.tex
Package: pgfcore 2021/05/15 v3.1.9a (3.1.9a)

(C:\Users\Rado\AppData\Local\Programs\MiKTeX\tex/generic/pgf/math\pgfmath.code.
tex
(C:\Users\Rado\AppData\Local\Programs\MiKTeX\tex/generic/pgf/math\pgfmathcalc.c
ode.tex
(C:\Users\Rado\AppData\Local\Programs\MiKTeX\tex/generic/pgf/math\pgfmathutil.c
ode.tex)
(C:\Users\Rado\AppData\Local\Programs\MiKTeX\tex/generic/pgf/math\pgfmathparser
.code.tex
\pgfmath@dimen=\dimen175
\pgfmath@count=\count292
\pgfmath@box=\box57
\pgfmath@toks=\toks31
\pgfmath@stack@operand=\toks32
\pgfmath@stack@operation=\toks33
)
(C:\Users\Rado\AppData\Local\Programs\MiKTeX\tex/generic/pgf/math\pgfmathfuncti
ons.code.tex
(C:\Users\Rado\AppData\Local\Programs\MiKTeX\tex/generic/pgf/math\pgfmathfuncti
ons.basic.code.tex)
(C:\Users\Rado\AppData\Local\Programs\MiKTeX\tex/generic/pgf/math\pgfmathfuncti
ons.trigonometric.code.tex)
(C:\Users\Rado\AppData\Local\Programs\MiKTeX\tex/generic/pgf/math\pgfmathfuncti
ons.random.code.tex)
(C:\Users\Rado\AppData\Local\Programs\MiKTeX\tex/generic/pgf/math\pgfmathfuncti
ons.comparison.code.tex)
(C:\Users\Rado\AppData\Local\Programs\MiKTeX\tex/generic/pgf/math\pgfmathfuncti
ons.base.code.tex)
(C:\Users\Rado\AppData\Local\Programs\MiKTeX\tex/generic/pgf/math\pgfmathfuncti
ons.round.code.tex)
(C:\Users\Rado\AppData\Local\Programs\MiKTeX\tex/generic/pgf/math\pgfmathfuncti
ons.misc.code.tex)
(C:\Users\Rado\AppData\Local\Programs\MiKTeX\tex/generic/pgf/math\pgfmathfuncti
ons.integerarithmetics.code.tex)))
(C:\Users\Rado\AppData\Local\Programs\MiKTeX\tex/generic/pgf/math\pgfmathfloat.
code.tex
\c@pgfmathroundto@lastzeros=\count293
))
(C:\Users\Rado\AppData\Local\Programs\MiKTeX\tex/generic/pgf/math\pgfint.code.t
ex)
(C:\Users\Rado\AppData\Local\Programs\MiKTeX\tex/generic/pgf/basiclayer\pgfcore
points.code.tex
File: pgfcorepoints.code.tex 2021/05/15 v3.1.9a (3.1.9a)
\pgf@picminx=\dimen176
\pgf@picmaxx=\dimen177
\pgf@picminy=\dimen178
\pgf@picmaxy=\dimen179
\pgf@pathminx=\dimen180
\pgf@pathmaxx=\dimen181
\pgf@pathminy=\dimen182
\pgf@pathmaxy=\dimen183
\pgf@xx=\dimen184
\pgf@xy=\dimen185
\pgf@yx=\dimen186
\pgf@yy=\dimen187
\pgf@zx=\dimen188
\pgf@zy=\dimen189
)
(C:\Users\Rado\AppData\Local\Programs\MiKTeX\tex/generic/pgf/basiclayer\pgfcore
pathconstruct.code.tex
File: pgfcorepathconstruct.code.tex 2021/05/15 v3.1.9a (3.1.9a)
\pgf@path@lastx=\dimen190
\pgf@path@lasty=\dimen191
)
(C:\Users\Rado\AppData\Local\Programs\MiKTeX\tex/generic/pgf/basiclayer\pgfcore
pathusage.code.tex
File: pgfcorepathusage.code.tex 2021/05/15 v3.1.9a (3.1.9a)
\pgf@shorten@end@additional=\dimen192
\pgf@shorten@start@additional=\dimen193
)
(C:\Users\Rado\AppData\Local\Programs\MiKTeX\tex/generic/pgf/basiclayer\pgfcore
scopes.code.tex
File: pgfcorescopes.code.tex 2021/05/15 v3.1.9a (3.1.9a)
\pgfpic=\box58
\pgf@hbox=\box59
\pgf@layerbox@main=\box60
\pgf@picture@serial@count=\count294
)
(C:\Users\Rado\AppData\Local\Programs\MiKTeX\tex/generic/pgf/basiclayer\pgfcore
graphicstate.code.tex
File: pgfcoregraphicstate.code.tex 2021/05/15 v3.1.9a (3.1.9a)
\pgflinewidth=\dimen194
)
(C:\Users\Rado\AppData\Local\Programs\MiKTeX\tex/generic/pgf/basiclayer\pgfcore
transformations.code.tex
File: pgfcoretransformations.code.tex 2021/05/15 v3.1.9a (3.1.9a)
\pgf@pt@x=\dimen195
\pgf@pt@y=\dimen196
\pgf@pt@temp=\dimen197
)
(C:\Users\Rado\AppData\Local\Programs\MiKTeX\tex/generic/pgf/basiclayer\pgfcore
quick.code.tex
File: pgfcorequick.code.tex 2021/05/15 v3.1.9a (3.1.9a)
)
(C:\Users\Rado\AppData\Local\Programs\MiKTeX\tex/generic/pgf/basiclayer\pgfcore
objects.code.tex
File: pgfcoreobjects.code.tex 2021/05/15 v3.1.9a (3.1.9a)
)
(C:\Users\Rado\AppData\Local\Programs\MiKTeX\tex/generic/pgf/basiclayer\pgfcore
pathprocessing.code.tex
File: pgfcorepathprocessing.code.tex 2021/05/15 v3.1.9a (3.1.9a)
)
(C:\Users\Rado\AppData\Local\Programs\MiKTeX\tex/generic/pgf/basiclayer\pgfcore
arrows.code.tex
File: pgfcorearrows.code.tex 2021/05/15 v3.1.9a (3.1.9a)
\pgfarrowsep=\dimen198
)
(C:\Users\Rado\AppData\Local\Programs\MiKTeX\tex/generic/pgf/basiclayer\pgfcore
shade.code.tex
File: pgfcoreshade.code.tex 2021/05/15 v3.1.9a (3.1.9a)
\pgf@max=\dimen199
\pgf@sys@shading@range@num=\count295
\pgf@shadingcount=\count296
)
(C:\Users\Rado\AppData\Local\Programs\MiKTeX\tex/generic/pgf/basiclayer\pgfcore
image.code.tex
File: pgfcoreimage.code.tex 2021/05/15 v3.1.9a (3.1.9a)

(C:\Users\Rado\AppData\Local\Programs\MiKTeX\tex/generic/pgf/basiclayer\pgfcore
external.code.tex
File: pgfcoreexternal.code.tex 2021/05/15 v3.1.9a (3.1.9a)
\pgfexternal@startupbox=\box61
))
(C:\Users\Rado\AppData\Local\Programs\MiKTeX\tex/generic/pgf/basiclayer\pgfcore
layers.code.tex
File: pgfcorelayers.code.tex 2021/05/15 v3.1.9a (3.1.9a)
)
(C:\Users\Rado\AppData\Local\Programs\MiKTeX\tex/generic/pgf/basiclayer\pgfcore
transparency.code.tex
File: pgfcoretransparency.code.tex 2021/05/15 v3.1.9a (3.1.9a)
)
(C:\Users\Rado\AppData\Local\Programs\MiKTeX\tex/generic/pgf/basiclayer\pgfcore
patterns.code.tex
File: pgfcorepatterns.code.tex 2021/05/15 v3.1.9a (3.1.9a)
)
(C:\Users\Rado\AppData\Local\Programs\MiKTeX\tex/generic/pgf/basiclayer\pgfcore
rdf.code.tex
File: pgfcorerdf.code.tex 2021/05/15 v3.1.9a (3.1.9a)
)))
(C:\Users\Rado\AppData\Local\Programs\MiKTeX\tex/generic/pgf/modules\pgfmodules
hapes.code.tex
File: pgfmoduleshapes.code.tex 2021/05/15 v3.1.9a (3.1.9a)
\pgfnodeparttextbox=\box62
)
(C:\Users\Rado\AppData\Local\Programs\MiKTeX\tex/generic/pgf/modules\pgfmodulep
lot.code.tex
File: pgfmoduleplot.code.tex 2021/05/15 v3.1.9a (3.1.9a)
)
(C:\Users\Rado\AppData\Local\Programs\MiKTeX\tex/latex/pgf/compatibility\pgfcom
p-version-0-65.sty
Package: pgfcomp-version-0-65 2021/05/15 v3.1.9a (3.1.9a)
\pgf@nodesepstart=\dimen256
\pgf@nodesepend=\dimen257
)
(C:\Users\Rado\AppData\Local\Programs\MiKTeX\tex/latex/pgf/compatibility\pgfcom
p-version-1-18.sty
Package: pgfcomp-version-1-18 2021/05/15 v3.1.9a (3.1.9a)
))
(C:\Users\Rado\AppData\Local\Programs\MiKTeX\tex/latex/pgf/utilities\pgffor.sty

(C:\Users\Rado\AppData\Local\Programs\MiKTeX\tex/latex/pgf/utilities\pgfkeys.st
y
(C:\Users\Rado\AppData\Local\Programs\MiKTeX\tex/generic/pgf/utilities\pgfkeys.
code.tex))
(C:\Users\Rado\AppData\Local\Programs\MiKTeX\tex/latex/pgf/math\pgfmath.sty
(C:\Users\Rado\AppData\Local\Programs\MiKTeX\tex/generic/pgf/math\pgfmath.code.
tex))
(C:\Users\Rado\AppData\Local\Programs\MiKTeX\tex/generic/pgf/utilities\pgffor.c
ode.tex
Package: pgffor 2021/05/15 v3.1.9a (3.1.9a)

(C:\Users\Rado\AppData\Local\Programs\MiKTeX\tex/generic/pgf/math\pgfmath.code.
tex)
\pgffor@iter=\dimen258
\pgffor@skip=\dimen259
\pgffor@stack=\toks34
\pgffor@toks=\toks35
))
(C:\Users\Rado\AppData\Local\Programs\MiKTeX\tex/generic/pgf/frontendlayer/tikz
\tikz.code.tex
Package: tikz 2021/05/15 v3.1.9a (3.1.9a)

(C:\Users\Rado\AppData\Local\Programs\MiKTeX\tex/generic/pgf/libraries\pgflibra
ryplothandlers.code.tex
File: pgflibraryplothandlers.code.tex 2021/05/15 v3.1.9a (3.1.9a)
\pgf@plot@mark@count=\count297
\pgfplotmarksize=\dimen260
)
\tikz@lastx=\dimen261
\tikz@lasty=\dimen262
\tikz@lastxsaved=\dimen263
\tikz@lastysaved=\dimen264
\tikz@lastmovetox=\dimen265
\tikz@lastmovetoy=\dimen266
\tikzleveldistance=\dimen267
\tikzsiblingdistance=\dimen268
\tikz@figbox=\box63
\tikz@figbox@bg=\box64
\tikz@tempbox=\box65
\tikz@tempbox@bg=\box66
\tikztreelevel=\count298
\tikznumberofchildren=\count299
\tikznumberofcurrentchild=\count300
\tikz@fig@count=\count301

(C:\Users\Rado\AppData\Local\Programs\MiKTeX\tex/generic/pgf/modules\pgfmodulem
atrix.code.tex
File: pgfmodulematrix.code.tex 2021/05/15 v3.1.9a (3.1.9a)
\pgfmatrixcurrentrow=\count302
\pgfmatrixcurrentcolumn=\count303
\pgf@matrix@numberofcolumns=\count304
)
\tikz@expandcount=\count305

(C:\Users\Rado\AppData\Local\Programs\MiKTeX\tex/generic/pgf/frontendlayer/tikz
/libraries\tikzlibrarytopaths.code.tex
File: tikzlibrarytopaths.code.tex 2021/05/15 v3.1.9a (3.1.9a)
)))
(C:\Users\Rado\AppData\Local\Programs\MiKTeX\tex/latex/graphics\lscape.sty
Package: lscape 2020/05/28 v3.02 Landscape Pages (DPC)
)
(C:\Users\Rado\AppData\Local\Programs\MiKTeX\tex/latex/tools\bm.sty
Package: bm 2022/01/05 v1.2f Bold Symbol Support (DPC/FMi)
\symboldoperators=\mathgroup6
\symboldletters=\mathgroup7
\symboldsymbols=\mathgroup8
Package bm Info: No bold for \OMX/cmex/m/n, using \pmb.
Package bm Info: No bold for \U/msa/m/n, using \pmb.
Package bm Info: No bold for \U/msb/m/n, using \pmb.
LaTeX Font Info:    Redeclaring math alphabet \mathbf on input line 149.
)
(C:\Users\Rado\AppData\Local\Programs\MiKTeX\tex/latex/units\nicefrac.sty
Package: nicefrac 1998/08/04 v0.9b Nice fractions
\L@UnitsRaiseDisplaystyle=\skip53
\L@UnitsRaiseTextstyle=\skip54
\L@UnitsRaiseScriptstyle=\skip55

(C:\Users\Rado\AppData\Local\Programs\MiKTeX\tex/latex/base\ifthen.sty
Package: ifthen 2022/04/13 v1.1d Standard LaTeX ifthen package (DPC)
))
(C:\Users\Rado\AppData\Local\Programs\MiKTeX\tex/latex/geometry\geometry.sty
Package: geometry 2020/01/02 v5.9 Page Geometry

(C:\Users\Rado\AppData\Local\Programs\MiKTeX\tex/generic/iftex\ifvtex.sty
Package: ifvtex 2019/10/25 v1.7 ifvtex legacy package. Use iftex instead.

(C:\Users\Rado\AppData\Local\Programs\MiKTeX\tex/generic/iftex\iftex.sty
Package: iftex 2022/02/03 v1.0f TeX engine tests
))
\Gm@cnth=\count306
\Gm@cntv=\count307
\c@Gm@tempcnt=\count308
\Gm@bindingoffset=\dimen269
\Gm@wd@mp=\dimen270
\Gm@odd@mp=\dimen271
\Gm@even@mp=\dimen272
\Gm@layoutwidth=\dimen273
\Gm@layoutheight=\dimen274
\Gm@layouthoffset=\dimen275
\Gm@layoutvoffset=\dimen276
\Gm@dimlist=\toks36

(C:\Users\Rado\AppData\Local\Programs\MiKTeX\tex/latex/geometry\geometry.cfg))
(C:\Users\Rado\AppData\Local\Programs\MiKTeX\tex/latex/l3backend\l3backend-pdft
ex.def
File: l3backend-pdftex.def 2022-09-28 L3 backend support: PDF output (pdfTeX)
\l__color_backend_stack_int=\count309
\l__pdf_internal_box=\box67
) (definic.aux)
\openout1 = `definic.aux'.

LaTeX Font Info:    Checking defaults for OML/cmm/m/it on input line 20.
LaTeX Font Info:    ... okay on input line 20.
LaTeX Font Info:    Checking defaults for OMS/cmsy/m/n on input line 20.
LaTeX Font Info:    ... okay on input line 20.
LaTeX Font Info:    Checking defaults for OT1/cmr/m/n on input line 20.
LaTeX Font Info:    ... okay on input line 20.
LaTeX Font Info:    Checking defau
\scratchbox=\box68
\nofMPsegments=\count311
\nofMParguments=\count312
\everyMPshowfont=\toks37
\MPscratchCnt=\count313
\MPscratchDim=\dimen278
\MPnumerator=\count314
\makeMPintoPDFobject=\count315
\everyMPtoPDFconversion=\toks38
)
(C:\Users\Rado\AppData\Local\Programs\MiKTeX\tex/latex/epstopdf-pkg\epstopdf-ba
se.sty
Package: epstopdf-base 2020-01-24 v2.11 Base part for package epstopdf
Package epstopdf-base Info: Redefining graphics rule for `.eps' on input line 4
85.

(C:\Users\Rado\AppData\Local\Programs\MiKTeX\tex/latex/00miktex\epstopdf-sys.cf
g
File: epstopdf-sys.cfg 2021/03/18 v2.0 Configuration of epstopdf for MiKTeX
))
*geometry* driver: auto-detecting
*geometry* detected driver: pdftex
*geometry* verbose mode - [ preamble ] result:
* driver: pdftex
* paper: a4paper
* layout: <same size as paper>
* layoutoffset:(h,v)=(0.0pt,0.0pt)
* modes: landscape 
* h-part:(L,W,R)=(0.0pt, 802.3677pt, 42.67914pt)
* v-part:(T,H,B)=(14.22636pt, 569.05511pt, 14.2264pt)
* \paperwidth=845.04684pt
* \paperheight=597.50787pt
* \textwidth=802.3677pt
* \textheight=569.05511pt
* \oddsidemargin=-72.26999pt
* \evensidemargin=-72.26999pt
* \topmargin=-95.04362pt
* \headheight=12.0pt
* \headsep=25.0pt
* \topskip=10.0pt
* \footskip=30.0pt
* \marginparwidth=65.0pt
* \marginparsep=11.0pt
* \columnsep=10.0pt
* \skip\footins=9.0pt plus 4.0pt minus 2.0pt
* \hoffset=0.0pt
* \voffset=0.0pt
* \mag=1000
* \@twocolumnfalse
* \@twosidefalse
* \@mparswitchfalse
* \@reversemarginfalse
* (1in=72.27pt=25.4mm, 1cm=28.453pt)

! Undefined control sequence.
l.33 ...tfill\; ???\;\dotfill \quad \smallsetminus
                                                  \{\nicefrac{1}{4}\}$
?                                          \{\nicefrac{5}{4}\}$
?   \evensidemargin=-72.26999pt
* \topmargin=-95.04362pt
* \headheight=12.0pt
* \headsep=25.0pt
* \topskip=10.0pt
* \footskip=30.0pt
* \marginparwidth=65.0pt
* \marginparsep=11.0pt
* \columnsep=10.0pt
* \skip\footins=9.0pt plus 4.0pt minus 2.0pt
* \hoffset=0.0pt
* \voffset=0.0pt
* \mag=1000
* \@twocolumnfalse
* \@twosidefalse
* \@mparswitchfalse
* \@reversemarginfalse
* (1in=72.27pt=25.4mm, 1cm=28.453pt)

LaTeX Font Info:    Trying to load font information for U+msa on input line 22.

(C:\Users\Rado\AppData\Local\Programs\MiKTeX\tex/latex/amsfonts\umsa.fd
File: umsa.fd 2013/01/14 v3.01 AMS symbols A
)
LaTeX Font Info:    Trying to load font information for U+msb on input line 22.


(C:\Users\Rado\AppData\Local\Programs\MiKTeX\tex/latex/amsfonts\umsb.fd
File: umsb.fd 2013/01/14 v3.01 AMS symbols B
)
<../images/braille.png, id=4, 235.644pt x 346.896pt>
File: ../images/braille.png Graphic file (type png)
<use ../images/braille.png>
Package pdftex.def Info: ../images/braille.png  used on input line 47.
(pdftex.def)             Requested size: 77.30971pt x 113.81102pt.
File: ../images/braille.png Graphic file (type png)
<use ../images/braille.png>
Package pdftex.def Info: ../images/braille.png  used on input line 78.
(pdftex.def)             Requested size: 77.30971pt x 113.81102pt.
File: ../images/braille.png Graphic file (type png)
<use ../images/braille.png>
Package pdftex.def Info: ../images/braille.png  used on input line 109.
(pdftex.def)             Requested size: 77.30971pt x 113.81102pt.
File: ../images/braille.png Graphic file (type png)
<use ../images/braille.png>
Package pdftex.def Info: ../images/braille.png  used on input line 140.
(pdftex.def)             Requested size: 77.30971pt x 113.81102pt.

[1

{C:/Users/Rado/AppData/Local/MiKTeX/fonts/map/pdftex/pdftex.map} <../images/bra
ille.png>]
File: ../images/braille.png Graphic file (type png)
<use ../images/braille.png>
Package pdftex.def Info: ../images/braille.png  used on input line 177.
(pdftex.def)             Requested size: 77.30971pt x 113.81102pt.
File: ../images/braille.png Graphic file (type png)
<use ../images/braille.png>
Package pdftex.def Info: ../images/braille.png  used on input line 208.
(pdftex.def)             Requested size: 77.30971pt x 113.81102pt.
File: ../images/braille.png Graphic file (type png)
<use ../images/braille.png>
Package pdftex.def Info: ../images/braille.png  used on input line 239.
(pdftex.def)             Requested size: 77.30971pt x 113.81102pt.
File: ../images/braille.png Graphic file (type png)
<use ../images/braille.png>
Package pdftex.def Info: ../images/braille.png  used on input line 270.
(pdftex.def)             Requested size: 77.30971pt x 113.81102pt.
 [2]
File: ../images/braille.png Graphic file (type png)
<use ../images/braille.png>
Package pdftex.def Info: ../images/braille.png  used on input line 307.
(pdftex.def)             Requested size: 77.30971pt x 113.81102pt.
File: ../images/braille.png Graphic file (type png)
<use ../images/braille.png>
Package pdftex.def Info: ../images/braille.png  used on input line 338.
(pdftex.def)             Requested size: 77.30971pt x 113.81102pt.
File: ../images/braille.png Graphic file (type png)
<use ../images/braille.png>
Package pdftex.def Info: ../images/braille.png  used on input line 369.
(pdftex.def)             Requested size: 77.30971pt x 113.81102pt.
File: ../images/braille.png Graphic file (type png)
<use ../images/braille.png>
Package pdftex.def Info: ../images/braille.png  used on input line 400.
(pdftex.def)             Requested size: 77.30971pt x 113.81102pt.
 [3]
File: ../images/braille.png Graphic file (type png)
<use ../images/braille.png>
Package pdftex.def Info: ../images/braille.png  used on input line 437.
(pdftex.def)             Requested size: 77.30971pt x 113.81102pt.
File: ../images/braille.png Graphic file (type png)
<use ../images/braille.png>
Package pdftex.def Info: ../images/braille.png  used on input line 468.
(pdftex.def)             Requested size: 77.30971pt x 113.81102pt.
File: ../images/braille.png Graphic file (type png)
<use ../images/braille.png>
Package pdftex.def Info: ../images/braille.png  used on input line 499.
(pdftex.def)             Requested size: 77.30971pt x 113.81102pt.
File: ../images/braille.png Graphic file (type png)
<use ../images/braille.png>
Package pdftex.def Info: ../images/braille.png  used on input line 530.
(pdftex.def)             Requested size: 77.30971pt x 113.81102pt.
 [4]
File: ../images/braille.png Graphic file (type png)
<use ../images/braille.png>
Package pdftex.def Info: ../images/braille.png  used on input line 567.
(pdftex.def)             Requested size: 77.30971pt x 113.81102pt.
File: ../images/braille.png Graphic file (type png)
<use ../images/braille.png>
Package pdftex.def Info: ../images/braille.png  used on input line 598.
(pdftex.def)             Requested size: 77.30971pt x 113.81102pt.
File: ../images/braille.png Graphic file (type png)
<use ../images/braille.png>
Package pdftex.def Info: ../images/braille.png  used on input line 629.
(pdftex.def)             Requested size: 77.30971pt x 113.81102pt.
File: ../images/braille.png Graphic file (type png)
<use ../images/braille.png>
Package pdftex.def Info: ../images/braille.png  used on input line 660.
(pdftex.def)             Requested size: 77.30971pt x 113.81102pt.
 [5]
File: ../images/braille.png Graphic file (type png)
<use ../images/braille.png>
Package pdftex.def Info: ../images/braille.png  used on input line 697.
(pdftex.def)             Requested size: 77.30971pt x 113.81102pt.
File: ../images/braille.png Graphic file (type png)
<use ../images/braille.png>
Package pdftex.def Info: ../images/braille.png  used on input line 728.
(pdftex.def)             Requested size: 77.30971pt x 113.81102pt.
File: ../images/braille.png Graphic file (type png)
<use ../images/braille.png>
Package pdftex.def Info: ../images/braille.png  used on input line 759.
(pdftex.def)             Requested size: 77.30971pt x 113.81102pt.
File: ../images/braille.png Graphic file (type png)
<use ../images/braille.png>
Package pdftex.def Info: ../images/braille.png  used on input line 790.
(pdftex.def)             Requested size: 77.30971pt x 113.81102pt.
 [6]
File: ../images/braille.png Graphic file (type png)
<use ../images/braille.png>
Package pdftex.def Info: ../images/braille.png  used on input line 827.
(pdftex.def)             Requested size: 77.30971pt x 113.81102pt.
File: ../images/braille.png Graphic file (type png)
<use ../images/braille.png>
Package pdftex.def Info: ../images/braille.png  used on input line 858.
(pdftex.def)             Requested size: 77.30971pt x 113.81102pt.
File: ../images/braille.png Graphic file (type png)
<use ../images/braille.png>
Package pdftex.def Info: ../images/braille.png  used on input line 889.
(pdftex.def)             Requested size: 77.30971pt x 113.81102pt.
File: ../images/braille.png Graphic file (type png)
<use ../images/braille.png>
Package pdftex.def Info: ../images/braille.png  used on input line 920.
(pdftex.def)             Requested size: 77.30971pt x 113.81102pt.
 [7]
File: ../images/braille.png Graphic file (type png)
<use ../images/braille.png>
Package pdftex.def Info: ../images/braille.png  used on input line 957.
(pdftex.def)             Requested size: 77.30971pt x 113.81102pt.
File: ../images/braille.png Graphic file (type png)
<use ../images/braille.png>
Package pdftex.def Info: ../images/braille.png  used on input line 988.
(pdftex.def)             Requested size: 77.30971pt x 113.81102pt.
File: ../images/braille.png Graphic file (type png)
<use ../images/braille.png>
Package pdftex.def Info: ../images/braille.png  used on input line 1019.
(pdftex.def)             Requested size: 77.30971pt x 113.81102pt.
File: ../images/braille.png Graphic file (type png)
<use ../images/braille.png>
Package pdftex.def Info: ../images/braille.png  used on input line 1050.
(pdftex.def)             Requested size: 77.30971pt x 113.81102pt.
 [8]
File: ../images/braille.png Graphic file (type png)
<use ../images/braille.png>
Package pdftex.def Info: ../images/braille.png  used on input line 1087.
(pdftex.def)             Requested size: 77.30971pt x 113.81102pt.
File: ../images/braille.png Graphic file (type png)
<use ../images/braille.png>
Package pdftex.def Info: ../images/braille.png  used on input line 1118.
(pdftex.def)             Requested size: 77.30971pt x 113.81102pt.
File: ../images/braille.png Graphic file (type png)
<use ../images/braille.png>
Package pdftex.def Info: ../images/braille.png  used on input line 1149.
(pdftex.def)             Requested size: 77.30971pt x 113.81102pt.
File: ../images/braille.png Graphic file (type png)
<use ../images/braille.png>
Package pdftex.def Info: ../images/braille.png  used on input line 1180.
(pdftex.def)             Requested size: 77.30971pt x 113.81102pt.
 [9]
File: ../images/braille.png Graphic file (type png)
<use ../images/braille.png>
Package pdftex.def Info: ../images/braille.png  used on input line 1217.
(pdftex.def)             Requested size: 77.30971pt x 113.81102pt.
File: ../images/braille.png Graphic file (type png)
<use ../images/braille.png>
Package pdftex.def Info: ../images/braille.png  used on input line 1248.
(pdftex.def)             Requested size: 77.30971pt x 113.81102pt.
File: ../images/braille.png Graphic file (type png)
<use ../images/braille.png>
Package pdftex.def Info: ../images/braille.png  used on input line 1279.
(pdftex.def)             Requested size: 77.30971pt x 113.81102pt.
File: ../images/braille.png Graphic file (type png)
<use ../images/braille.png>
Package pdftex.def Info: ../images/braille.png  used on input line 1310.
(pdftex.def)             Requested size: 77.30971pt x 113.81102pt.
 [10]
File: ../images/braille.png Graphic file (type png)
<use ../images/braille.png>
Package pdftex.def Info: ../images/braille.png  used on input line 1347.
(pdftex.def)             Requested size: 77.30971pt x 113.81102pt.
File: ../images/braille.png Graphic file (type png)
<use ../images/braille.png>
Package pdftex.def Info: ../images/braille.png  used on input line 1378.
(pdftex.def)             Requested size: 77.30971pt x 113.81102pt.
File: ../images/braille.png Graphic file (type png)
<use ../images/braille.png>
Package pdftex.def Info: ../images/braille.png  used on input line 1409.
(pdftex.def)             Requested size: 77.30971pt x 113.81102pt.
File: ../images/braille.png Graphic file (type png)
<use ../images/braille.png>
Package pdftex.def Info: ../images/braille.png  used on input line 1440.
(pdftex.def)             Requested size: 77.30971pt x 113.81102pt.
 [11]
File: ../images/braille.png Graphic file (type png)
<use ../images/braille.png>
Package pdftex.def Info: ../images/braille.png  used on input line 1477.
(pdftex.def)             Requested size: 77.30971pt x 113.81102pt.
File: ../images/braille.png Graphic file (type png)
<use ../images/braille.png>
Package pdftex.def Info: ../images/braille.png  used on input line 1508.
(pdftex.def)             Requested size: 77.30971pt x 113.81102pt.
File: ../images/braille.png Graphic file (type png)
<use ../images/braille.png>
Package pdftex.def Info: ../images/braille.png  used on input line 1539.
(pdftex.def)             Requested size: 77.30971pt x 113.81102pt.
File: ../images/braille.png Graphic file (type png)
<use ../images/braille.png>
Package pdftex.def Info: ../images/braille.png  used on input line 1570.
(pdftex.def)             Requested size: 77.30971pt x 113.81102pt.
 [12]
File: ../images/braille.png Graphic file (type png)
<use ../images/braille.png>
Package pdftex.def Info: ../images/braille.png  used on input line 1607.
(pdftex.def)             Requested size: 77.30971pt x 113.81102pt.
File: ../images/braille.png Graphic file (type png)
<use ../images/braille.png>
Package pdftex.def Info: ../images/braille.png  used on input line 1638.
(pdftex.def)             Requested size: 77.30971pt x 113.81102pt.
File: ../images/braille.png Graphic file (type png)
<use ../images/braille.png>
Package pdftex.def Info: ../images/braille.png  used on input line 1669.
(pdftex.def)             Requested size: 77.30971pt x 113.81102pt.
File: ../images/braille.png Graphic file (type png)
<use ../images/braille.png>
Package pdftex.def Info: ../images/braille.png  used on input line 1700.
(pdftex.def)             Requested size: 77.30971pt x 113.81102pt.
 [13]
File: ../images/braille.png Graphic file (type png)
<use ../images/braille.png>
Package pdftex.def Info: ../images/braille.png  used on input line 1737.
(pdftex.def)             Requested size: 77.30971pt x 113.81102pt.
File: ../images/braille.png Graphic file (type png)
<use ../images/braille.png>
Package pdftex.def Info: ../images/braille.png  used on input line 1768.
(pdftex.def)             Requested size: 77.30971pt x 113.81102pt.
File: ../images/braille.png Graphic file (type png)
<use ../images/braille.png>
Package pdftex.def Info: ../images/braille.png  used on input line 1799.
(pdftex.def)             Requested size: 77.30971pt x 113.81102pt.
File: ../images/braille.png Graphic file (type png)
<use ../images/braille.png>
Package pdftex.def Info: ../images/braille.png  used on input line 1830.
(pdftex.def)             Requested size: 77.30971pt x 113.81102pt.
 [14]
File: ../images/braille.png Graphic file (type png)
<use ../images/braille.png>
Package pdftex.def Info: ../images/braille.png  used on input line 1867.
(pdftex.def)             Requested size: 77.30971pt x 113.81102pt.
File: ../images/braille.png Graphic file (type png)
<use ../images/braille.png>
Package pdftex.def Info: ../images/braille.png  used on input line 1898.
(pdftex.def)             Requested size: 77.30971pt x 113.81102pt.
File: ../images/braille.png Graphic file (type png)
<use ../images/braille.png>
Package pdftex.def Info: ../images/braille.png  used on input line 1929.
(pdftex.def)             Requested size: 77.30971pt x 113.81102pt.
File: ../images/braille.png Graphic file (type png)
<use ../images/braille.png>
Package pdftex.def Info: ../images/braille.png  used on input line 1960.
(pdftex.def)             Requested size: 77.30971pt x 113.81102pt.
 [15]
File: ../images/braille.png Graphic file (type png)
<use ../images/braille.png>
Package pdftex.def Info: ../images/braille.png  used on input line 1997.
(pdftex.def)             Requested size: 77.30971pt x 113.81102pt.
File: ../images/braille.png Graphic file (type png)
<use ../images/braille.png>
Package pdftex.def Info: ../images/braille.png  used on input line 2028.
(pdftex.def)             Requested size: 77.30971pt x 113.81102pt.
File: ../images/braille.png Graphic file (type png)
<use ../images/braille.png>
Package pdftex.def Info: ../images/braille.png  used on input line 2059.
(pdftex.def)             Requested size: 77.30971pt x 113.81102pt.
File: ../images/braille.png Graphic file (type png)
<use ../images/braille.png>
Package pdftex.def Info: ../images/braille.png  used on input line 2090.
(pdftex.def)             Requested size: 77.30971pt x 113.81102pt.

[16]
File: ../images/braille.png Graphic file (type png)
<use ../images/braille.png>
Package pdftex.def Info: ../images/braille.png  used on input line 2127.
(pdftex.def)             Requested size: 77.30971pt x 113.81102pt.
File: ../images/braille.png Graphic file (type png)
<use ../images/braille.png>
Package pdftex.def Info: ../images/braille.png  used on input line 2158.
(pdftex.def)             Requested size: 77.30971pt x 113.81102pt.
File: ../images/braille.png Graphic file (type png)
<use ../images/braille.png>
Package pdftex.def Info: ../images/braille.png  used on input line 2189.
(pdftex.def)             Requested size: 77.30971pt x 113.81102pt.
File: ../images/braille.png Graphic file (type png)
<use ../images/braille.png>
Package pdftex.def Info: ../images/braille.png  used on input line 2220.
(pdftex.def)             Requested size: 77.30971pt x 113.81102pt.
 [17]
File: ../images/braille.png Graphic file (type png)
<use ../images/braille.png>
Package pdftex.def Info: ../images/braille.png  used on input line 2257.
(pdftex.def)             Requested size: 77.30971pt x 113.81102pt.
File: ../images/braille.png Graphic file (type png)
<use ../images/braille.png>
Package pdftex.def Info: ../images/braille.png  used on input line 2288.
(pdftex.def)             Requested size: 77.30971pt x 113.81102pt.
File: ../images/braille.png Graphic file (type png)
<use ../images/braille.png>
Package pdftex.def Info: ../images/braille.png  used on input line 2319.
(pdftex.def)             Requested size: 77.30971pt x 113.81102pt.
File: ../images/braille.png Graphic file (type png)
<use ../images/braille.png>
Package pdftex.def Info: ../images/braille.png  used on input line 2350.
(pdftex.def)             Requested size: 77.30971pt x 113.81102pt.
 [18]
File: ../images/braille.png Graphic file (type png)
<use ../images/braille.png>
Package pdftex.def Info: ../images/braille.png  used on input line 2387.
(pdftex.def)             Requested size: 77.30971pt x 113.81102pt.
File: ../images/braille.png Graphic file (type png)
<use ../images/braille.png>
Package pdftex.def Info: ../images/braille.png  used on input line 2418.
(pdftex.def)             Requested size: 77.30971pt x 113.81102pt.
File: ../images/braille.png Graphic file (type png)
<use ../images/braille.png>
Package pdftex.def Info: ../images/braille.png  used on input line 2449.
(pdftex.def)             Requested size: 77.30971pt x 113.81102pt.
File: ../images/braille.png Graphic file (type png)
<use ../images/braille.png>
Package pdftex.def Info: ../images/braille.png  used on input line 2480.
(pdftex.def)             Requested size: 77.30971pt x 113.81102pt.
 [19]
File: ../images/braille.png Graphic file (type png)
<use ../images/braille.png>
Package pdftex.def Info: ../images/braille.png  used on input line 2517.
(pdftex.def)             Requested size: 77.30971pt x 113.81102pt.
File: ../images/braille.png Graphic file (type png)
<use ../images/braille.png>
Package pdftex.def Info: ../images/braille.png  used on input line 2548.
(pdftex.def)             Requested size: 77.30971pt x 113.81102pt.
File: ../images/braille.png Graphic file (type png)
<use ../images/braille.png>
Package pdftex.def Info: ../images/braille.png  used on input line 2579.
(pdftex.def)             Requested size: 77.30971pt x 113.81102pt.
File: ../images/braille.png Graphic file (type png)
<use ../images/braille.png>
Package pdftex.def Info: ../images/braille.png  used on input line 2610.
(pdftex.def)             Requested size: 77.30971pt x 113.81102pt.
 [20]
File: ../images/braille.png Graphic file (type png)
<use ../images/braille.png>
Package pdftex.def Info: ../images/braille.png  used on input line 2647.
(pdftex.def)             Requested size: 77.30971pt x 113.81102pt.
File: ../images/braille.png Graphic file (type png)
<use ../images/braille.png>
Package pdftex.def Info: ../images/braille.png  used on input line 2678.
(pdftex.def)             Requested size: 77.30971pt x 113.81102pt.
File: ../images/braille.png Graphic file (type png)
<use ../images/braille.png>
Package pdftex.def Info: ../images/braille.png  used on input line 2709.
(pdftex.def)             Requested size: 77.30971pt x 113.81102pt.
File: ../images/braille.png Graphic file (type png)
<use ../images/braille.png>
Package pdftex.def Info: ../images/braille.png  used on input line 2740.
(pdftex.def)             Requested size: 77.30971pt x 113.81102pt.
 [21]
File: ../images/braille.png Graphic file (type png)
<use ../images/braille.png>
Package pdftex.def Info: ../images/braille.png  used on input line 2777.
(pdftex.def)             Requested size: 77.30971pt x 113.81102pt.
File: ../images/braille.png Graphic file (type png)
<use ../images/braille.png>
Package pdftex.def Info: ../images/braille.png  used on input line 2808.
(pdftex.def)             Requested size: 77.30971pt x 113.81102pt.
File: ../images/braille.png Graphic file (type png)
<use ../images/braille.png>
Package pdftex.def Info: ../images/braille.png  used on input line 2839.
(pdftex.def)             Requested size: 77.30971pt x 113.81102pt.
File: ../images/braille.png Graphic file (type png)
<use ../images/braille.png>
Package pdftex.def Info: ../images/braille.png  used on input line 2870.
(pdftex.def)             Requested size: 77.30971pt x 113.81102pt.
 [22]
File: ../images/braille.png Graphic file (type png)
<use ../images/braille.png>
Package pdftex.def Info: ../images/braille.png  used on input line 2907.
(pdftex.def)             Requested size: 77.30971pt x 113.81102pt.
File: ../images/braille.png Graphic file (type png)
<use ../images/braille.png>
Package pdftex.def Info: ../images/braille.png  used on input line 2938.
(pdftex.def)             Requested size: 77.30971pt x 113.81102pt.
File: ../images/braille.png Graphic file (type png)
<use ../images/braille.png>
Package pdftex.def Info: ../images/braille.png  used on input line 2969.
(pdftex.def)             Requested size: 77.30971pt x 113.81102pt.
File: ../images/braille.png Graphic file (type png)
<use ../images/braille.png>
Package pdftex.def Info: ../images/braille.png  used on input line 3000.
(pdftex.def)             Requested size: 77.30971pt x 113.81102pt.
 [23]
File: ../images/braille.png Graphic file (type png)
<use ../images/braille.png>
Package pdftex.def Info: ../images/braille.png  used on input line 3037.
(pdftex.def)             Requested size: 77.30971pt x 113.81102pt.
File: ../images/braille.png Graphic file (type png)
<use ../images/braille.png>
Package pdftex.def Info: ../images/braille.png  used on input line 3068.
(pdftex.def)             Requested size: 77.30971pt x 113.81102pt.
File: ../images/braille.png Graphic file (type png)
<use ../images/braille.png>
Package pdftex.def Info: ../images/braille.png  used on input line 3099.
(pdftex.def)             Requested size: 77.30971pt x 113.81102pt.
File: ../images/braille.png Graphic file (type png)
<use ../images/braille.png>
Package pdftex.def Info: ../images/braille.png  used on input line 3130.
(pdftex.def)             Requested size: 77.30971pt x 113.81102pt.
 [24]

Package geometry Warning: `bmargin' results in NEGATIVE (-239.00313pt).
    `height' or `tmargin' should be shortened in length.

*geometry* verbose mode - [ newgeometry ] result:
* driver: pdftex
* paper: a4paper
* layout: <same size as paper>
* layoutoffset:(h,v)=(0.0pt,0.0pt)
* modes: landscape 
* h-part:(L,W,R)=(22.76219pt, 551.98346pt, 270.3012pt)
* v-part:(T,H,B)=(25.60747pt, 810.90353pt, -239.00313pt)
* \paperwidth=845.04684pt
* \paperheight=597.50787pt
* \textwidth=551.98346pt
* \textheight=810.90353pt
* \oddsidemargin=-49.5078pt
* \evensidemargin=-49.5078pt
* \topmargin=-83.66252pt
* \headheight=12.0pt
* \headsep=25.0pt
* \topskip=10.0pt
* \footskip=30.0pt
* \marginparwidth=65.0pt
* \marginparsep=11.0pt
* \columnsep=10.0pt
* \skip\footins=9.0pt plus 4.0pt minus 2.0pt
* \hoffset=0.0pt
* \voffset=0.0pt
* \mag=1000
* \@twocolumnfalse
* \@twosidefalse
* \@mparswitchfalse
* \@reversemarginfalse
* (1in=72.27pt=25.4mm, 1cm=28.453pt)


Overfull \hbox (10.78795pt too wide) in paragraph at lines 3148--3182
 [] [][]$ 
 []


Overfull \hbox (1.62206pt too wide) in paragraph at lines 3253--3287
 [] [][]$ 
 []


Overfull \hbox (19.40036pt too wide) in paragraph at lines 3288--3322
 [] [][]$ 
 []


Overfull \hbox (8.89317pt too wide) in paragraph at lines 3323--3357
 [] [][]$ 
 []


Overfull \hbox (22.28186pt too wide) in paragraph at lines 3358--3392
 [] [][]$ 
 []


Overfull \hbox (9.82684pt too wide) in paragraph at lines 3463--3497
 [] [][]$ 
 []


Overfull \hbox (17.42117pt too wide) in paragraph at lines 3498--3532
 [] [][]$ 
 []


Overfull \hbox (12.73648pt too wide) in paragraph at lines 3533--3567
 [] [][]$ 
 []


Overfull \hbox (12.73648pt too wide) detected at line 3569
 [] [][]$ 
 []


Overfull \hbox (17.42117pt too wide) detected at line 3569
 [] [][]$ 
 []


Overfull \hbox (9.82684pt too wide) detected at line 3569
 [] [][]$ 
 []


Overfull \hbox (22.28186pt too wide) detected at line 3569
 [] [][]$ 
 []


Overfull \hbox (8.89317pt too wide) detected at line 3569
 [] [][]$ 
 []


Overfull \hbox (19.40036pt too wide) detected at line 3569
 [] [][]$ 
 []


Overfull \hbox (1.62206pt too wide) detected at line 3569
 [] [][]$ 
 []


Overfull \hbox (10.78795pt too wide) detected at line 3569
 [] [][]$ 
 []

[25


]
Overfull \hbox (19.26746pt too wide) in paragraph at lines 3571--3605
 [] [][]$ 
 []


Overfull \hbox (12.47974pt too wide) in paragraph at lines 3606--3640
 [] [][]$ 
 []


Overfull \hbox (16.21889pt too wide) in paragraph at lines 3641--3675
 [] [][]$ 
 []


Overfull \hbox (14.6948pt too wide) in paragraph at lines 3676--3710
 [] [][]$ 
 []


Overfull \hbox (11.47519pt too wide) in paragraph at lines 3711--3745
 [] [][]$ 
 []


Overfull \hbox (19.95058pt too wide) in paragraph at lines 3746--3780
 [] [][]$ 
 []


Overfull \hbox (9.41013pt too wide) in paragraph at lines 3781--3815
 [] [][]$ 
 []


Overfull \hbox (17.14023pt too wide) in paragraph at lines 3816--3850
 [] [][]$ 
 []


Overfull \hbox (30.06596pt too wide) in paragraph at lines 3886--3920
 [] [][]$ 
 []


Overfull \hbox (24.35443pt too wide) in paragraph at lines 3921--3955
 [] [][]$ 
 []


Overfull \hbox (17.49759pt too wide) in paragraph at lines 3956--3990
 [] [][]$ 
 []


Overfull \hbox (17.49759pt too wide) detected at line 3993
 [] [][]$ 
 []


Overfull \hbox (24.35443pt too wide) detected at line 3993
 [] [][]$ 
 []


Overfull \hbox (30.06596pt too wide) detected at line 3993
 [] [][]$ 
 []


Overfull \hbox (17.14023pt too wide) detected at line 3993
 [] [][]$ 
 []


Overfull \hbox (9.41013pt too wide) detected at line 3993
 [] [][]$ 
 []


Overfull \hbox (19.95058pt too wide) detected at line 3993
 [] [][]$ 
 []


Overfull \hbox (11.47519pt too wide) detected at line 3993
 [] [][]$ 
 []


Overfull \hbox (14.6948pt too wide) detected at line 3993
 [] [][]$ 
 []


Overfull \hbox (16.21889pt too wide) detected at line 3993
 [] [][]$ 
 []


Overfull \hbox (12.47974pt too wide) detected at line 3993
 [] [][]$ 
 []


Overfull \hbox (19.26746pt too wide) detected at line 3993
 [] [][]$ 
 []

[26

] (definic.aux) ) 
Here is how much of TeX's memory you used:
 14718 strings out of 475385
 295139 string characters out of 2777380
 748035 words of memory out of 3000000
 35812 multiletter control sequences out of 15000+600000
 489128 words of font info for 99 fonts, out of 8000000 for 9000
 1141 hyphenation exceptions out of 8191
 84i,19n,89p,409b,620s stack positions out of 10000i,1000n,20000p,200000b,80000s
<C:/Users/Rado/AppData/Local/Programs/MiKTeX/fonts/type1/publi
c/amsfonts/cm/cmbx10.pfb><C:/Users/Rado/AppData/Local/Programs/MiKTeX/fonts/typ
e1/public/amsfonts/cm/cmbx12.pfb><C:/Users/Rado/AppData/Local/Programs/MiKTeX/f
onts/type1/public/amsfonts/cm/cmbx9.pfb><C:/Users/Rado/AppData/Local/Programs/M
iKTeX/fonts/type1/public/amsfonts/cm/cmmi10.pfb><C:/Users/Rado/AppData/Local/Pr
ograms/MiKTeX/fonts/type1/public/amsfonts/cm/cmmi12.pfb><C:/Users/Rado/AppData/
Local/Programs/MiKTeX/fonts/type1/public/amsfonts/cm/cmmi9.pfb><C:/Users/Rado/A
ppData/Local/Programs/MiKTeX/fonts/type1/public/amsfonts/cmextra/cmmib9.pfb><C:
/Users/Rado/AppData/Local/Programs/MiKTeX/fonts/type1/public/amsfonts/cm/cmr10.
pfb><C:/Users/Rado/AppData/Local/Programs/MiKTeX/fonts/type1/public/amsfonts/cm
/cmr17.pfb><C:/Users/Rado/AppData/Local/Programs/MiKTeX/fonts/type1/public/amsf
onts/cm/cmr6.pfb><C:/Users/Rado/AppData/Local/Programs/MiKTeX/fonts/type1/publi
c/amsfonts/cm/cmr7.pfb><C:/Users/Rado/AppData/Local/Programs/MiKTeX/fonts/type1
/public/amsfonts/cm/cmr9.pfb><C:/Users/Rado/AppData/Local/Programs/MiKTeX/fonts
/type1/public/amsfonts/cm/cmsy10.pfb><C:/Users/Rado/AppData/Local/Programs/MiKT
eX/fonts/type1/public/amsfonts/cm/cmsy6.pfb><C:/Users/Rado/AppData/Local/Progra
ms/MiKTeX/fonts/type1/public/amsfonts/cm/cmsy7.pfb><C:/Users/Rado/AppData/Local
/Programs/MiKTeX/fonts/type1/public/amsfonts/cm/cmsy9.pfb><C:/Users/Rado/AppDat
a/Local/Programs/MiKTeX/fonts/type1/public/amsfonts/cm/cmti10.pfb><C:/Users/Rad
o/AppData/Local/Programs/MiKTeX/fonts/type1/public/amsfonts/cm/cmti12.pfb><C:/U
sers/Rado/AppData/Local/Programs/MiKTeX/fonts/type1/public/amsfonts/symbols/msb
m10.pfb><C:/Users/Rado/AppData/Local/Programs/MiKTeX/fonts/type1/urw/zapfding/u
zdr.pfb>
Output written on definic.pdf (26 pages, 385623 bytes).
PDF statistics:
 191 PDF objects out of 1000 (max. 8388607)
 0 named destinations out of 1000 (max. 500000)
 18 words of extra memory for PDF output out of 10000 (max. 10000000)

