This is pdfTeX, Version 3.141592653-2.6-1.40.24 (MiKTeX 22.10) (preloaded format=pdflatex 2023.4.3)  24 NOV 2024 13:32
entering extended mode
 restricted \write18 enabled.
 %&-line parsing enabled.
**./parcial.tex
(parcial.tex
LaTeX2e <2022-06-01> patch level 5
L3 programming layer <2022-09-28>
(C:\Users\Rado\AppData\Local\Programs\MiKTeX\tex/latex/base\report.cls
Document Class: report 2021/10/04 v1.4n Standard LaTeX document class
(C:\Users\Rado\AppData\Local\Programs\MiKTeX\tex/latex/base\size10.clo
File: size10.clo 2021/10/04 v1.4n Standard LaTeX file (size option)
)
\c@part=\count185
\c@chapter=\count186
\c@section=\count187
\c@subsection=\count188
\c@subsubsection=\count189
\c@paragraph=\count190
\c@subparagraph=\count191
\c@figure=\count192
\c@table=\count193
\abovecaptionskip=\skip47
\belowcaptionskip=\skip48
\bibindent=\dimen138
)
(C:\Users\Rado\AppData\Local\Programs\MiKTeX\tex/latex/lm\lmodern.sty
Package: lmodern 2015/05/01 v1.6.1 Latin Modern Fonts
LaTeX Font Info:    Overwriting symbol font `operators' in version `normal'
(Font)                  OT1/cmr/m/n --> OT1/lmr/m/n on input line 22.
LaTeX Font Info:    Overwriting symbol font `letters' in version `normal'
(Font)                  OML/cmm/m/it --> OML/lmm/m/it on input line 23.
LaTeX Font Info:    Overwriting symbol font `symbols' in version `normal'
(Font)                  OMS/cmsy/m/n --> OMS/lmsy/m/n on input line 24.
LaTeX Font Info:    Overwriting symbol font `largesymbols' in version `normal'
(Font)                  OMX/cmex/m/n --> OMX/lmex/m/n on input line 25.
LaTeX Font Info:    Overwriting symbol font `operators' in version `bold'
(Font)                  OT1/cmr/bx/n --> OT1/lmr/bx/n on input line 26.
LaTeX Font Info:    Overwriting symbol font `letters' in version `bold'
(Font)                  OML/cmm/b/it --> OML/lmm/b/it on input line 27.
LaTeX Font Info:    Overwriting symbol font `symbols' in version `bold'
(Font)                  OMS/cmsy/b/n --> OMS/lmsy/b/n on input line 28.
LaTeX Font Info:    Overwriting symbol font `largesymbols' in version `bold'
(Font)                  OMX/cmex/m/n --> OMX/lmex/m/n on input line 29.
LaTeX Font Info:    Overwriting math alphabet `\mathbf' in version `normal'
(Font)                  OT1/cmr/bx/n --> OT1/lmr/bx/n on input line 31.
LaTeX Font Info:    Overwriting math alphabet `\mathsf' in version `normal'
(Font)                  OT1/cmss/m/n --> OT1/lmss/m/n on input line 32.
LaTeX Font Info:    Overwriting math alphabet `\mathit' in version `normal'
(Font)                  OT1/cmr/m/it --> OT1/lmr/m/it on input line 33.
LaTeX Font Info:    Overwriting math alphabet `\mathtt' in version `normal'
(Font)                  OT1/cmtt/m/n --> OT1/lmtt/m/n on input line 34.
LaTeX Font Info:    Overwriting math alphabet `\mathbf' in version `bold'
(Font)                  OT1/cmr/bx/n --> OT1/lmr/bx/n on input line 35.
LaTeX Font Info:    Overwriting math alphabet `\mathsf' in version `bold'
(Font)                  OT1/cmss/bx/n --> OT1/lmss/bx/n on input line 36.
LaTeX Font Info:    Overwriting math alphabet `\mathit' in version `bold'
(Font)                  OT1/cmr/bx/it --> OT1/lmr/bx/it on input line 37.
LaTeX Font Info:    Overwriting math alphabet `\mathtt' in version `bold'
(Font)                  OT1/cmtt/m/n --> OT1/lmtt/m/n on input line 38.
)
(C:\Users\Rado\AppData\Local\Programs\MiKTeX\tex/latex/graphics\graphicx.sty
Package: graphicx 2021/09/16 v1.2d Enhanced LaTeX Graphics (DPC,SPQR)

(C:\Users\Rado\AppData\Local\Programs\MiKTeX\tex/latex/graphics\keyval.sty
Package: keyval 2022/05/29 v1.15 key=value parser (DPC)
\KV@toks@=\toks16
)
(C:\Users\Rado\AppData\Local\Programs\MiKTeX\tex/latex/graphics\graphics.sty
Package: graphics 2022/03/10 v1.4e Standard LaTeX Graphics (DPC,SPQR)

(C:\Users\Rado\AppData\Local\Programs\MiKTeX\tex/latex/graphics\trig.sty
Package: trig 2021/08/11 v1.11 sin cos tan (DPC)
)
(C:\Users\Rado\AppData\Local\Programs\MiKTeX\tex/latex/graphics-cfg\graphics.cf
g
File: graphics.cfg 2016/06/04 v1.11 sample graphics configuration
)
Package graphics Info: Driver file: pdftex.def on input line 107.

(C:\Users\Rado\AppData\Local\Programs\MiKTeX\tex/latex/graphics-def\pdftex.def
File: pdftex.def 2022/09/22 v1.2b Graphics/color driver for pdftex
\stockwidth=\dimen139
\stockheight=\dimen140
))
\Gin@req@height=\dimen141
\Gin@req@width=\dimen142
) (C:\Users\Rado\AppData\Local\Programs\MiKTeX\tex/latex/varwidth\varwidth.sty
Package: varwidth 2009/03/30 ver 0.92;  Variable-width minipages
\@vwid@box=\box51
\sift@deathcycles=\count194
\@vwid@loff=\dimen143
\@vwid@roff=\dimen144
) (C:\Users\Rado\AppData\Local\Programs\MiKTeX\tex/latex/enumitem\enumitem.sty
Package: enumitem 2019/06/20 v3.9 Customized lists
\labelindent=\skip49
\enit@outerparindent=\dimen145
\enit@toks=\toks17
\enit@inbox=\box52
\enit@count@id=\count195
\enitdp@description=\count196
) (C:\Users\Rado\AppData\Local\Programs\MiKTeX\tex/latex/amsmath\amsmath.sty
Package: amsmath 2022/04/08 v2.17n AMS math features
\@mathmargin=\skip50

For additional information on amsmath, use the `?' option.
(C:\Users\Rado\AppData\Local\Programs\MiKTeX\tex/latex/amsmath\amstext.sty
Package: amstext 2021/08/26 v2.01 AMS text

(C:\Users\Rado\AppData\Local\Programs\MiKTeX\tex/latex/amsmath\amsgen.sty
File: amsgen.sty 1999/11/30 v2.0 generic functions
\@emptytoks=\toks18
\ex@=\dimen146
))
(C:\Users\Rado\AppData\Local\Programs\MiKTeX\tex/latex/amsmath\amsbsy.sty
Package: amsbsy 1999/11/29 v1.2d Bold Symbols
\pmbraise@=\dimen147
)
(C:\Users\Rado\AppData\Local\Programs\MiKTeX\tex/latex/amsmath\amsopn.sty
Package: amsopn 2022/04/08 v2.04 operator names
)
\inf@bad=\count197
LaTeX Info: Redefining \frac on input line 234.
\uproot@=\count198
\leftroot@=\count199
LaTeX Info: Redefining \overline on input line 399.
LaTeX Info: Redefining \colon on input line 410.
\classnum@=\count266
\DOTSCASE@=\count267
LaTeX Info: Redefining \ldots on input line 496.
LaTeX Info: Redefining \dots on input line 499.
LaTeX Info: Redefining \cdots on input line 620.
\Mathstrutbox@=\box53
\strutbox@=\box54
LaTeX Info: Redefining \big on input line 722.
LaTeX Info: Redefining \Big on input line 723.
LaTeX Info: Redefining \bigg on input line 724.
LaTeX Info: Redefining \Bigg on input line 725.
\big@size=\dimen148
LaTeX Font Info:    Redeclaring font encoding OML on input line 743.
LaTeX Font Info:    Redeclaring font encoding OMS on input line 744.
\macc@depth=\count268
LaTeX Info: Redefining \bmod on input line 905.
LaTeX Info: Redefining \pmod on input line 910.
LaTeX Info: Redefining \smash on input line 940.
LaTeX Info: Redefining \relbar on input line 970.
LaTeX Info: Redefining \Relbar on input line 971.
\c@MaxMatrixCols=\count269
\dotsspace@=\muskip16
\c@parentequation=\count270
\dspbrk@lvl=\count271
\tag@help=\toks19
\row@=\count272
\column@=\count273
\maxfields@=\count274
\andhelp@=\toks20
\eqnshift@=\dimen149
\alignsep@=\dimen150
\tagshift@=\dimen151
\tagwidth@=\dimen152
\totwidth@=\dimen153
\lineht@=\dimen154
\@envbody=\toks21
\multlinegap=\skip51
\multlinetaggap=\skip52
\mathdisplay@stack=\toks22
LaTeX Info: Redefining \[ on input line 2953.
LaTeX Info: Redefining \] on input line 2954.
)
(C:\Users\Rado\AppData\Local\Programs\MiKTeX\tex/latex/amsfonts\amssymb.sty
Package: amssymb 2013/01/14 v3.01 AMS font symbols

(C:\Users\Rado\AppData\Local\Programs\MiKTeX\tex/latex/amsfonts\amsfonts.sty
Package: amsfonts 2013/01/14 v3.01 Basic AMSFonts support
\symAMSa=\mathgroup4
\symAMSb=\mathgroup5
LaTeX Font Info:    Redeclaring math symbol \hbar on input line 98.
LaTeX Font Info:    Overwriting math alphabet `\mathfrak' in version `bold'
(Font)                  U/euf/m/n --> U/euf/b/n on input line 106.
))
(C:\Users\Rado\AppData\Local\Programs\MiKTeX\tex/latex/mathtools\mathtools.sty
Package: mathtools 2022/06/29 v1.29 mathematical typesetting tools

(C:\Users\Rado\AppData\Local\Programs\MiKTeX\tex/latex/tools\calc.sty
Package: calc 2017/05/25 v4.3 Infix arithmetic (KKT,FJ)
\calc@Acount=\count275
\calc@Bcount=\count276
\calc@Adimen=\dimen155
\calc@Bdimen=\dimen156
\calc@Askip=\skip53
\calc@Bskip=\skip54
LaTeX Info: Redefining \setlength on input line 80.
LaTeX Info: Redefining \addtolength on input line 81.
\calc@Ccount=\count277
\calc@Cskip=\skip55
)
(C:\Users\Rado\AppData\Local\Programs\MiKTeX\tex/latex/mathtools\mhsetup.sty
Package: mhsetup 2021/03/18 v1.4 programming setup (MH)
)
\g_MT_multlinerow_int=\count278
\l_MT_multwidth_dim=\dimen157
\origjot=\skip56
\l_MT_shortvdotswithinadjustabove_dim=\dimen158
\l_MT_shortvdotswithinadjustbelow_dim=\dimen159
\l_MT_above_intertext_sep=\dimen160
\l_MT_below_intertext_sep=\dimen161
\l_MT_above_shortintertext_sep=\dimen162
\l_MT_below_shortintertext_sep=\dimen163
\xmathstrut@box=\box55
\xmathstrut@dim=\dimen164
)
(C:\Users\Rado\AppData\Local\Programs\MiKTeX\tex/latex/psnfss\pifont.sty
Package: pifont 2020/03/25 PSNFSS-v9.3 Pi font support (SPQR) 
LaTeX Font Info:    Trying to load font information for U+pzd on input line 63.


(C:\Users\Rado\AppData\Local\Programs\MiKTeX\tex/latex/psnfss\upzd.fd
File: upzd.fd 2001/06/04 font definitions for U/pzd.
)
LaTeX Font Info:    Trying to load font information for U+psy on input line 64.


(C:\Users\Rado\AppData\Local\Programs\MiKTeX\tex/latex/psnfss\upsy.fd
File: upsy.fd 2001/06/04 font definitions for U/psy.
))
(C:\Users\Rado\AppData\Local\Programs\MiKTeX\tex/latex/arydshln\arydshln.sty
Package: arydshln 2019/02/21 v1.76 
\dashlinedash=\dimen165
\dashlinegap=\dimen166
\adl@box=\box56
\adl@height=\dimen167
\adl@heightsave=\dimen168
\adl@depth=\dimen169
\adl@depthsave=\dimen170
\adl@finaldepth=\dimen171
\adl@columns=\count279
\adl@ncol=\count280
\adl@currentcolumn=\count281
\adl@currentcolumnsave=\count282
\adl@totalheight=\count283
\adl@totalheightsave=\count284
\adl@dash=\count285
\adl@gap=\count286
\adl@cla=\count287
\adl@clb=\count288
\adl@everyvbox=\toks23
\adl@LTpagetotal=\dimen172
)
(C:\Users\Rado\AppData\Local\Programs\MiKTeX\tex/latex/pgf/frontendlayer\tikz.s
ty
(C:\Users\Rado\AppData\Local\Programs\MiKTeX\tex/latex/pgf/basiclayer\pgf.sty
(C:\Users\Rado\AppData\Local\Programs\MiKTeX\tex/latex/pgf/utilities\pgfrcs.sty

(C:\Users\Rado\AppData\Local\Programs\MiKTeX\tex/generic/pgf/utilities\pgfutil-
common.tex
\pgfutil@everybye=\toks24
\pgfutil@tempdima=\dimen173
\pgfutil@tempdimb=\dimen174

(C:\Users\Rado\AppData\Local\Programs\MiKTeX\tex/generic/pgf/utilities\pgfutil-
common-lists.tex))
(C:\Users\Rado\AppData\Local\Programs\MiKTeX\tex/generic/pgf/utilities\pgfutil-
latex.def
\pgfutil@abb=\box57
)
(C:\Users\Rado\AppData\Local\Programs\MiKTeX\tex/generic/pgf/utilities\pgfrcs.c
ode.tex
(C:\Users\Rado\AppData\Local\Programs\MiKTeX\tex/generic/pgf\pgf.revision.tex)
Package: pgfrcs 2021/05/15 v3.1.9a (3.1.9a)
))
Package: pgf 2021/05/15 v3.1.9a (3.1.9a)

(C:\Users\Rado\AppData\Local\Programs\MiKTeX\tex/latex/pgf/basiclayer\pgfcore.s
ty
(C:\Users\Rado\AppData\Local\Programs\MiKTeX\tex/latex/pgf/systemlayer\pgfsys.s
ty
(C:\Users\Rado\AppData\Local\Programs\MiKTeX\tex/generic/pgf/systemlayer\pgfsys
.code.tex
Package: pgfsys 2021/05/15 v3.1.9a (3.1.9a)

(C:\Users\Rado\AppData\Local\Programs\MiKTeX\tex/generic/pgf/utilities\pgfkeys.
code.tex
\pgfkeys@pathtoks=\toks25
\pgfkeys@temptoks=\toks26

(C:\Users\Rado\AppData\Local\Programs\MiKTeX\tex/generic/pgf/utilities\pgfkeysf
iltered.code.tex
\pgfkeys@tmptoks=\toks27
))
\pgf@x=\dimen175
\pgf@y=\dimen176
\pgf@xa=\dimen177
\pgf@ya=\dimen178
\pgf@xb=\dimen179
\pgf@yb=\dimen180
\pgf@xc=\dimen181
\pgf@yc=\dimen182
\pgf@xd=\dimen183
\pgf@yd=\dimen184
\w@pgf@writea=\write3
\r@pgf@reada=\read2
\c@pgf@counta=\count289
\c@pgf@countb=\count290
\c@pgf@countc=\count291
\c@pgf@countd=\count292
\t@pgf@toka=\toks28
\t@pgf@tokb=\toks29
\t@pgf@tokc=\toks30
\pgf@sys@id@count=\count293

(C:\Users\Rado\AppData\Local\Programs\MiKTeX\tex/generic/pgf/systemlayer\pgf.cf
g
File: pgf.cfg 2021/05/15 v3.1.9a (3.1.9a)
)
Driver file for pgf: pgfsys-pdftex.def

(C:\Users\Rado\AppData\Local\Programs\MiKTeX\tex/generic/pgf/systemlayer\pgfsys
-pdftex.def
File: pgfsys-pdftex.def 2021/05/15 v3.1.9a (3.1.9a)

(C:\Users\Rado\AppData\Local\Programs\MiKTeX\tex/generic/pgf/systemlayer\pgfsys
-common-pdf.def
File: pgfsys-common-pdf.def 2021/05/15 v3.1.9a (3.1.9a)
)))
(C:\Users\Rado\AppData\Local\Programs\MiKTeX\tex/generic/pgf/systemlayer\pgfsys
softpath.code.tex
File: pgfsyssoftpath.code.tex 2021/05/15 v3.1.9a (3.1.9a)
\pgfsyssoftpath@smallbuffer@items=\count294
\pgfsyssoftpath@bigbuffer@items=\count295
)
(C:\Users\Rado\AppData\Local\Programs\MiKTeX\tex/generic/pgf/systemlayer\pgfsys
protocol.code.tex
File: pgfsysprotocol.code.tex 2021/05/15 v3.1.9a (3.1.9a)
))
(C:\Users\Rado\AppData\Local\Programs\MiKTeX\tex/latex/xcolor\xcolor.sty
Package: xcolor 2022/06/12 v2.14 LaTeX color extensions (UK)

(C:\Users\Rado\AppData\Local\Programs\MiKTeX\tex/latex/graphics-cfg\color.cfg
File: color.cfg 2016/01/02 v1.6 sample color configuration
)
Package xcolor Info: Driver file: pdftex.def on input line 227.

(C:\Users\Rado\AppData\Local\Programs\MiKTeX\tex/latex/graphics\mathcolor.ltx)
Package xcolor Info: Model `cmy' substituted by `cmy0' on input line 1353.
Package xcolor Info: Model `hsb' substituted by `rgb' on input line 1357.
Package xcolor Info: Model `RGB' extended on input line 1369.
Package xcolor Info: Model `HTML' substituted by `rgb' on input line 1371.
Package xcolor Info: Model `Hsb' substituted by `hsb' on input line 1372.
Package xcolor Info: Model `tHsb' substituted by `hsb' on input line 1373.
Package xcolor Info: Model `HSB' substituted by `hsb' on input line 1374.
Package xcolor Info: Model `Gray' substituted by `gray' on input line 1375.
Package xcolor Info: Model `wave' substituted by `hsb' on input line 1376.
)
(C:\Users\Rado\AppData\Local\Programs\MiKTeX\tex/generic/pgf/basiclayer\pgfcore
.code.tex
Package: pgfcore 2021/05/15 v3.1.9a (3.1.9a)

(C:\Users\Rado\AppData\Local\Programs\MiKTeX\tex/generic/pgf/math\pgfmath.code.
tex
(C:\Users\Rado\AppData\Local\Programs\MiKTeX\tex/generic/pgf/math\pgfmathcalc.c
ode.tex
(C:\Users\Rado\AppData\Local\Programs\MiKTeX\tex/generic/pgf/math\pgfmathutil.c
ode.tex)
(C:\Users\Rado\AppData\Local\Programs\MiKTeX\tex/generic/pgf/math\pgfmathparser
.code.tex
\pgfmath@dimen=\dimen185
\pgfmath@count=\count296
\pgfmath@box=\box58
\pgfmath@toks=\toks31
\pgfmath@stack@operand=\toks32
\pgfmath@stack@operation=\toks33
)
(C:\Users\Rado\AppData\Local\Programs\MiKTeX\tex/generic/pgf/math\pgfmathfuncti
ons.code.tex
(C:\Users\Rado\AppData\Local\Programs\MiKTeX\tex/generic/pgf/math\pgfmathfuncti
ons.basic.code.tex)
(C:\Users\Rado\AppData\Local\Programs\MiKTeX\tex/generic/pgf/math\pgfmathfuncti
ons.trigonometric.code.tex)
(C:\Users\Rado\AppData\Local\Programs\MiKTeX\tex/generic/pgf/math\pgfmathfuncti
ons.random.code.tex)
(C:\Users\Rado\AppData\Local\Programs\MiKTeX\tex/generic/pgf/math\pgfmathfuncti
ons.comparison.code.tex)
(C:\Users\Rado\AppData\Local\Programs\MiKTeX\tex/generic/pgf/math\pgfmathfuncti
ons.base.code.tex)
(C:\Users\Rado\AppData\Local\Programs\MiKTeX\tex/generic/pgf/math\pgfmathfuncti
ons.round.code.tex)
(C:\Users\Rado\AppData\Local\Programs\MiKTeX\tex/generic/pgf/math\pgfmathfuncti
ons.misc.code.tex)
(C:\Users\Rado\AppData\Local\Programs\MiKTeX\tex/generic/pgf/math\pgfmathfuncti
ons.integerarithmetics.code.tex)))
(C:\Users\Rado\AppData\Local\Programs\MiKTeX\tex/generic/pgf/math\pgfmathfloat.
code.tex
\c@pgfmathroundto@lastzeros=\count297
))
(C:\Users\Rado\AppData\Local\Programs\MiKTeX\tex/generic/pgf/math\pgfint.code.t
ex)
(C:\Users\Rado\AppData\Local\Programs\MiKTeX\tex/generic/pgf/basiclayer\pgfcore
points.code.tex
File: pgfcorepoints.code.tex 2021/05/15 v3.1.9a (3.1.9a)
\pgf@picminx=\dimen186
\pgf@picmaxx=\dimen187
\pgf@picminy=\dimen188
\pgf@picmaxy=\dimen189
\pgf@pathminx=\dimen190
\pgf@pathmaxx=\dimen191
\pgf@pathminy=\dimen192
\pgf@pathmaxy=\dimen193
\pgf@xx=\dimen194
\pgf@xy=\dimen195
\pgf@yx=\dimen196
\pgf@yy=\dimen197
\pgf@zx=\dimen198
\pgf@zy=\dimen199
)
(C:\Users\Rado\AppData\Local\Programs\MiKTeX\tex/generic/pgf/basiclayer\pgfcore
pathconstruct.code.tex
File: pgfcorepathconstruct.code.tex 2021/05/15 v3.1.9a (3.1.9a)
\pgf@path@lastx=\dimen256
\pgf@path@lasty=\dimen257
)
(C:\Users\Rado\AppData\Local\Programs\MiKTeX\tex/generic/pgf/basiclayer\pgfcore
pathusage.code.tex
File: pgfcorepathusage.code.tex 2021/05/15 v3.1.9a (3.1.9a)
\pgf@shorten@end@additional=\dimen258
\pgf@shorten@start@additional=\dimen259
)
(C:\Users\Rado\AppData\Local\Programs\MiKTeX\tex/generic/pgf/basiclayer\pgfcore
scopes.code.tex
File: pgfcorescopes.code.tex 2021/05/15 v3.1.9a (3.1.9a)
\pgfpic=\box59
\pgf@hbox=\box60
\pgf@layerbox@main=\box61
\pgf@picture@serial@count=\count298
)
(C:\Users\Rado\AppData\Local\Programs\MiKTeX\tex/generic/pgf/basiclayer\pgfcore
graphicstate.code.tex
File: pgfcoregraphicstate.code.tex 2021/05/15 v3.1.9a (3.1.9a)
\pgflinewidth=\dimen260
)
(C:\Users\Rado\AppData\Local\Programs\MiKTeX\tex/generic/pgf/basiclayer\pgfcore
transformations.code.tex
File: pgfcoretransformations.code.tex 2021/05/15 v3.1.9a (3.1.9a)
\pgf@pt@x=\dimen261
\pgf@pt@y=\dimen262
\pgf@pt@temp=\dimen263
)
(C:\Users\Rado\AppData\Local\Programs\MiKTeX\tex/generic/pgf/basiclayer\pgfcore
quick.code.tex
File: pgfcorequick.code.tex 2021/05/15 v3.1.9a (3.1.9a)
)
(C:\Users\Rado\AppData\Local\Programs\MiKTeX\tex/generic/pgf/basiclayer\pgfcore
objects.code.tex
File: pgfcoreobjects.code.tex 2021/05/15 v3.1.9a (3.1.9a)
)
(C:\Users\Rado\AppData\Local\Programs\MiKTeX\tex/generic/pgf/basiclayer\pgfcore
pathprocessing.code.tex
File: pgfcorepathprocessing.code.tex 2021/05/15 v3.1.9a (3.1.9a)
)
(C:\Users\Rado\AppData\Local\Programs\MiKTeX\tex/generic/pgf/basiclayer\pgfcore
arrows.code.tex
File: pgfcorearrows.code.tex 2021/05/15 v3.1.9a (3.1.9a)
\pgfarrowsep=\dimen264
)
(C:\Users\Rado\AppData\Local\Programs\MiKTeX\tex/generic/pgf/basiclayer\pgfcore
shade.code.tex
File: pgfcoreshade.code.tex 2021/05/15 v3.1.9a (3.1.9a)
\pgf@max=\dimen265
\pgf@sys@shading@range@num=\count299
\pgf@shadingcount=\count300
)
(C:\Users\Rado\AppData\Local\Programs\MiKTeX\tex/generic/pgf/basiclayer\pgfcore
image.code.tex
File: pgfcoreimage.code.tex 2021/05/15 v3.1.9a (3.1.9a)

(C:\Users\Rado\AppData\Local\Programs\MiKTeX\tex/generic/pgf/basiclayer\pgfcore
external.code.tex
File: pgfcoreexternal.code.tex 2021/05/15 v3.1.9a (3.1.9a)
\pgfexternal@startupbox=\box62
))
(C:\Users\Rado\AppData\Local\Programs\MiKTeX\tex/generic/pgf/basiclayer\pgfcore
layers.code.tex
File: pgfcorelayers.code.tex 2021/05/15 v3.1.9a (3.1.9a)
)
(C:\Users\Rado\AppData\Local\Programs\MiKTeX\tex/generic/pgf/basiclayer\pgfcore
transparency.code.tex
File: pgfcoretransparency.code.tex 2021/05/15 v3.1.9a (3.1.9a)
)
(C:\Users\Rado\AppData\Local\Programs\MiKTeX\tex/generic/pgf/basiclayer\pgfcore
patterns.code.tex
File: pgfcorepatterns.code.tex 2021/05/15 v3.1.9a (3.1.9a)
)
(C:\Users\Rado\AppData\Local\Programs\MiKTeX\tex/generic/pgf/basiclayer\pgfcore
rdf.code.tex
File: pgfcorerdf.code.tex 2021/05/15 v3.1.9a (3.1.9a)
)))
(C:\Users\Rado\AppData\Local\Programs\MiKTeX\tex/generic/pgf/modules\pgfmodules
hapes.code.tex
File: pgfmoduleshapes.code.tex 2021/05/15 v3.1.9a (3.1.9a)
\pgfnodeparttextbox=\box63
)
(C:\Users\Rado\AppData\Local\Programs\MiKTeX\tex/generic/pgf/modules\pgfmodulep
lot.code.tex
File: pgfmoduleplot.code.tex 2021/05/15 v3.1.9a (3.1.9a)
)
(C:\Users\Rado\AppData\Local\Programs\MiKTeX\tex/latex/pgf/compatibility\pgfcom
p-version-0-65.sty
Package: pgfcomp-version-0-65 2021/05/15 v3.1.9a (3.1.9a)
\pgf@nodesepstart=\dimen266
\pgf@nodesepend=\dimen267
)
(C:\Users\Rado\AppData\Local\Programs\MiKTeX\tex/latex/pgf/compatibility\pgfcom
p-version-1-18.sty
Package: pgfcomp-version-1-18 2021/05/15 v3.1.9a (3.1.9a)
))
(C:\Users\Rado\AppData\Local\Programs\MiKTeX\tex/latex/pgf/utilities\pgffor.sty

(C:\Users\Rado\AppData\Local\Programs\MiKTeX\tex/latex/pgf/utilities\pgfkeys.st
y
(C:\Users\Rado\AppData\Local\Programs\MiKTeX\tex/generic/pgf/utilities\pgfkeys.
code.tex))
(C:\Users\Rado\AppData\Local\Programs\MiKTeX\tex/latex/pgf/math\pgfmath.sty
(C:\Users\Rado\AppData\Local\Programs\MiKTeX\tex/generic/pgf/math\pgfmath.code.
tex))
(C:\Users\Rado\AppData\Local\Programs\MiKTeX\tex/generic/pgf/utilities\pgffor.c
ode.tex
Package: pgffor 2021/05/15 v3.1.9a (3.1.9a)

(C:\Users\Rado\AppData\Local\Programs\MiKTeX\tex/generic/pgf/math\pgfmath.code.
tex)
\pgffor@iter=\dimen268
\pgffor@skip=\dimen269
\pgffor@stack=\toks34
\pgffor@toks=\toks35
))
(C:\Users\Rado\AppData\Local\Programs\MiKTeX\tex/generic/pgf/frontendlayer/tikz
\tikz.code.tex
Package: tikz 2021/05/15 v3.1.9a (3.1.9a)

(C:\Users\Rado\AppData\Local\Programs\MiKTeX\tex/generic/pgf/libraries\pgflibra
ryplothandlers.code.tex
File: pgflibraryplothandlers.code.tex 2021/05/15 v3.1.9a (3.1.9a)
\pgf@plot@mark@count=\count301
\pgfplotmarksize=\dimen270
)
\tikz@lastx=\dimen271
\tikz@lasty=\dimen272
\tikz@lastxsaved=\dimen273
\tikz@lastysaved=\dimen274
\tikz@lastmovetox=\dimen275
\tikz@lastmovetoy=\dimen276
\tikzleveldistance=\dimen277
\tikzsiblingdistance=\dimen278
\tikz@figbox=\box64
\tikz@figbox@bg=\box65
\tikz@tempbox=\box66
\tikz@tempbox@bg=\box67
\tikztreelevel=\count302
\tikznumberofchildren=\count303
\tikznumberofcurrentchild=\count304
\tikz@fig@count=\count305

(C:\Users\Rado\AppData\Local\Programs\MiKTeX\tex/generic/pgf/modules\pgfmodulem
atrix.code.tex
File: pgfmodulematrix.code.tex 2021/05/15 v3.1.9a (3.1.9a)
\pgfmatrixcurrentrow=\count306
\pgfmatrixcurrentcolumn=\count307
\pgf@matrix@numberofcolumns=\count308
)
\tikz@expandcount=\count309

(C:\Users\Rado\AppData\Local\Programs\MiKTeX\tex/generic/pgf/frontendlayer/tikz
/libraries\tikzlibrarytopaths.code.tex
File: tikzlibrarytopaths.code.tex 2021/05/15 v3.1.9a (3.1.9a)
)))
(C:\Users\Rado\AppData\Local\Programs\MiKTeX\tex/latex/graphics\lscape.sty
Package: lscape 2020/05/28 v3.02 Landscape Pages (DPC)
)
(C:\Users\Rado\AppData\Local\Programs\MiKTeX\tex/latex/tools\bm.sty
Package: bm 2022/01/05 v1.2f Bold Symbol Support (DPC/FMi)
\symboldoperators=\mathgroup6
\symboldletters=\mathgroup7
\symboldsymbols=\mathgroup8
Package bm Info: No bold for \OMX/lmex/m/n, using \pmb.
Package bm Info: No bold for \U/msa/m/n, using \pmb.
Package bm Info: No bold for \U/msb/m/n, using \pmb.
LaTeX Font Info:    Redeclaring math alphabet \mathbf on input line 149.
)
(C:\Users\Rado\AppData\Local\Programs\MiKTeX\tex/latex/units\nicefrac.sty
Package: nicefrac 1998/08/04 v0.9b Nice fractions
\L@UnitsRaiseDisplaystyle=\skip57
\L@UnitsRaiseTextstyle=\skip58
\L@UnitsRaiseScriptstyle=\skip59

(C:\Users\Rado\AppData\Local\Programs\MiKTeX\tex/latex/base\ifthen.sty
Package: ifthen 2022/04/13 v1.1d Standard LaTeX ifthen package (DPC)
))
(C:\Users\Rado\AppData\Local\Programs\MiKTeX\tex/latex/physics\physics.sty
Package: physics 

(C:\Users\Rado\AppData\Local\Programs\MiKTeX\tex/latex/l3packages/xparse\xparse
.sty (C:\Users\Rado\AppData\Local\Programs\MiKTeX\tex/latex/l3kernel\expl3.sty
Package: expl3 2022-09-28 L3 programming layer (loader) 

(C:\Users\Rado\AppData\Local\Programs\MiKTeX\tex/latex/l3backend\l3backend-pdft
ex.def
File: l3backend-pdftex.def 2022-09-28 L3 backend support: PDF output (pdfTeX)
\l__color_backend_stack_int=\count310
\l__pdf_internal_box=\box68
))
Package: xparse 2022-06-22 L3 Experimental document command parser
))
(C:\Users\Rado\AppData\Local\Programs\MiKTeX\tex/latex/fontsize\fontsize.sty
Package: fontsize 2021/08/04 v0.8.5 'fontsize' package. Set main font sizes (Iv
an Valbusa)

(C:\Users\Rado\AppData\Local\Programs\MiKTeX\tex/latex/xkeyval\xkeyval.sty
Package: xkeyval 2022/06/16 v2.9 package option processing (HA)

(C:\Users\Rado\AppData\Local\Programs\MiKTeX\tex/generic/xkeyval\xkeyval.tex
(C:\Users\Rado\AppData\Local\Programs\MiKTeX\tex/generic/xkeyval\xkvutils.tex
\XKV@toks=\toks36
\XKV@tempa@toks=\toks37
)
\XKV@depth=\count311
File: xkeyval.tex 2014/12/03 v2.7a key=value parser (HA)
)) (C:\Users\Rado\AppData\Local\Programs\MiKTeX\tex/latex/l3packages/xfp\xfp.st
y
Package: xfp 2022-06-22 L3 Floating point unit
)) (C:\Users\Rado\AppData\Local\Programs\MiKTeX\tex/latex/geometry\geometry.sty
Package: geometry 2020/01/02 v5.9 Page Geometry
(C:\Users\Rado\AppData\Local\Programs\MiKTeX\tex/generic/iftex\ifvtex.sty
Package: ifvtex 2019/10/25 v1.7 ifvtex legacy package. Use iftex instead.

(C:\Users\Rado\AppData\Local\Programs\MiKTeX\tex/generic/iftex\iftex.sty
Package: iftex 2022/02/03 v1.0f TeX engine tests
))
\Gm@cnth=\count312
\Gm@cntv=\count313
\c@Gm@tempcnt=\count314
\Gm@bindingoffset=\dimen279
\Gm@wd@mp=\dimen280
\Gm@odd@mp=\dimen281
\Gm@even@mp=\dimen282
\Gm@layoutwidth=\dimen283
\Gm@layoutheight=\dimen284
\Gm@layouthoffset=\dimen285
\Gm@layoutvoffset=\dimen286
\Gm@dimlist=\toks38

(C:\Users\Rado\AppData\Local\Programs\MiKTeX\tex/latex/geometry\geometry.cfg))
LaTeX Font Info:    Trying to load font information for OT1+lmr on input line 2
5.

(C:\Users\Rado\AppData\Local\Programs\MiKTeX\tex/latex/lm\ot1lmr.fd
File: ot1lmr.fd 2015/05/01 v1.6.1 Font defs for Latin Modern
)
(parcial.aux)
\openout1 = `parcial.aux'.

LaTeX Font Info:    Checking defaults for OML/cmm/m/it on input line 25.
LaTeX Font Info:    ... okay on input line 25.
LaTeX Font Info:    Checking defaults for OMS/cmsy/m/n on input line 25.
LaTeX Font Info:    ... okay on input line 25.
LaTeX Font Info:    Checking defaults for OT1/cmr/m/n on input line 25.
LaTeX Font Info:    ... okay on input line 25.
LaTeX Font Info:    Checking defaults for T1/cmr/m/n on input line 25.
LaTeX Font Info:    ... okay on input line 25.
LaTeX Font Info:    Checking defaults for TS1/cmr/m/n on input line 25.
LaTeX Font Info:    ... okay on input line 25.
LaTeX Font Info:    Checking defaults for OMX/cmex/m/n on input line 25.
LaTeX Font Info:    ... okay on input line 25.
LaTeX Font Info:    Checking defaults for U/cmr/m/n on input line 25.
LaTeX Font Info:    ... okay on input line 25.

(C:\Users\Rado\AppData\Local\Programs\MiKTeX\tex/context/base/mkii\supp-pdf.mki
i
[Loading MPS to PDF converter (version 2006.09.02).]
\scratchcounter=\count315
\scratchdimen=\dimen287
\scratchbox=\box69
\nofMPsegments=\count316
\nofMParguments=\count317
\everyMPshowfont=\toks39
\MPscratchCnt=\count318
\MPscratchDim=\dimen288
\MPnumerator=\count319
\makeMPintoPDFobject=\count320
\everyMPtoPDFconversion=\toks40
)
(C:\Users\Rado\AppData\Local\Programs\MiKTeX\tex/latex/epstopdf-pkg\epstopdf-ba
se.sty
Package: epstopdf-base 2020-01-24 v2.11 Base part for package epstopdf
Package epstopdf-base Info: Redefining graphics rule for `.eps' on input line 4
85.

(C:\Users\Rado\AppData\Local\Programs\MiKTeX\tex/latex/00miktex\epstopdf-sys.cf
g
File: epstopdf-sys.cfg 2021/03/18 v2.0 Configuration of epstopdf for MiKTeX
))
*geometry* driver: auto-detecting
*geometry* detected driver: pdftex
*geometry* verbose mode - [ preamble ] result:
* driver: pdftex
* paper: a4paper
* layout: <same size as paper>
* layoutoffset:(h,v)=(0.0pt,0.0pt)
* modes: landscape 
* h-part:(L,W,R)=(-14.22636pt, 842.20157pt, 17.07164pt)
* v-part:(T,H,B)=(0.0pt, 597.50787pt, 0.0pt)
* \paperwidth=845.04684pt
* \paperheight=597.50787pt
* \textwidth=842.20157pt
* \textheight=597.50787pt
* \oddsidemargin=-86.49635pt
* \evensidemargin=-86.49635pt
* \topmargin=-109.26999pt
* \headheight=12.0pt
* \headsep=25.0pt
* \topskip=10.0pt
* \footskip=30.0pt
* \marginparwidth=65.0pt
* \marginparsep=11.0pt
* \columnsep=10.0pt
* \skip\footins=8.99997pt plus 3.99956pt minus 2.00041pt
* \hoffset=0.0pt
* \voffset=0.0pt
* \mag=1000
* \@twocolumnfalse
* \@twosidefalse
* \@mparswitchfalse
* \@reversemarginfalse
* (1in=72.27pt=25.4mm, 1cm=28.453pt)

LaTeX Font Info:    Trying to load font information for OML+lmm on input line 2
7.
(C:\Users\Rado\AppData\Local\Programs\MiKTeX\tex/latex/lm\omllmm.fd
File: omllmm.fd 2015/05/01 v1.6.1 Font defs for Latin Modern
)
LaTeX Font Info:    Trying to load font information for OMS+lmsy on input line 
27.

(C:\Users\Rado\AppData\Local\Programs\MiKTeX\tex/latex/lm\omslmsy.fd
File: omslmsy.fd 2015/05/01 v1.6.1 Font defs for Latin Modern
)
LaTeX Font Info:    Trying to load font information for OMX+lmex on input line 
27.

(C:\Users\Rado\AppData\Local\Programs\MiKTeX\tex/latex/lm\omxlmex.fd
File: omxlmex.fd 2015/05/01 v1.6.1 Font defs for Latin Modern
)
LaTeX Font Info:    External font `lmex10' loaded for size
(Font)              <10> on input line 27.
LaTeX Font Info:    External font `lmex10' loaded for size
(Font)              <7> on input line 27.
LaTeX Font Info:    External font `lmex10' loaded for size
(Font)              <5> on input line 27.
LaTeX Font Info:    Trying to load font information for U+msa on input line 27.


(C:\Users\Rado\AppData\Local\Programs\MiKTeX\tex/latex/amsfonts\umsa.fd
File: umsa.fd 2013/01/14 v3.01 AMS symbols A
)
LaTeX Font Info:    Trying to load font information for U+msb on input line 27.


(C:\Users\Rado\AppData\Local\Programs\MiKTeX\tex/latex/amsfonts\umsb.fd
File: umsb.fd 2013/01/14 v3.01 AMS symbols B
)
LaTeX Font Info:    Calculating math sizes for size <20.74005> on input line 31
.
LaTeX Font Info:    External font `lmex10' loaded for size
(Font)              <20.74005> on input line 31.
LaTeX Font Info:    External font `lmex10' loaded for size
(Font)              <14.51796> on input line 31.
LaTeX Font Info:    External font `lmex10' loaded for size
(Font)              <10.37003> on input line 31.
<../images/braille.png, id=4, 235.644pt x 346.896pt>
File: ../images/braille.png Graphic file (type png)
<use ../images/braille.png>
Package pdftex.def Info: ../images/braille.png  used on input line 57.
(pdftex.def)             Requested size: 77.30971pt x 113.81102pt.
File: ../images/braille.png Graphic file (type png)
<use ../images/braille.png>
Package pdftex.def Info: ../images/braille.png  used on input line 93.
(pdftex.def)             Requested size: 77.30971pt x 113.81102pt.
File: ../images/braille.png Graphic file (type png)
<use ../images/braille.png>
Package pdftex.def Info: ../images/braille.png  used on input line 129.
(pdftex.def)             Requested size: 77.30971pt x 113.81102pt.
File: ../images/braille.png Graphic file (type png)
<use ../images/braille.png>
Package pdftex.def Info: ../images/braille.png  used on input line 165.
(pdftex.def)             Requested size: 77.30971pt x 113.81102pt.

[1

{C:/Users/Rado/AppData/Local/MiKTeX/fonts/map/pdftex/pdftex.map} <../images/bra
ille.png>]
File: ../images/braille.png Graphic file (type png)
<use ../images/braille.png>
Package pdftex.def Info: ../images/braille.png  used on input line 205.
(pdftex.def)             Requested size: 77.30971pt x 113.81102pt.
File: ../images/braille.png Graphic file (type png)
<use ../images/braille.png>
Package pdftex.def Info: ../images/braille.png  used on input line 241.
(pdftex.def)             Requested size: 77.30971pt x 113.81102pt.
File: ../images/braille.png Graphic file (type png)
<use ../images/braille.png>
Package pdftex.def Info: ../images/braille.png  used on input line 277.
(pdftex.def)             Requested size: 77.30971pt x 113.81102pt.
File: ../images/braille.png Graphic file (type png)
<use ../images/braille.png>
Package pdftex.def Info: ../images/braille.png  used on input line 313.
(pdftex.def)             Requested size: 77.30971pt x 113.81102pt.
 [2]
File: ../images/braille.png Graphic file (type png)
<use ../images/braille.png>
Package pdftex.def Info: ../images/braille.png  used on input line 353.
(pdftex.def)             Requested size: 77.30971pt x 113.81102pt.
File: ../images/braille.png Graphic file (type png)
<use ../images/braille.png>
Package pdftex.def Info: ../images/braille.png  used on input line 389.
(pdftex.def)             Requested size: 77.30971pt x 113.81102pt.
File: ../images/braille.png Graphic file (type png)
<use ../images/braille.png>
Package pdftex.def Info: ../images/braille.png  used on input line 425.
(pdftex.def)             Requested size: 77.30971pt x 113.81102pt.
File: ../images/braille.png Graphic file (type png)
<use ../images/braille.png>
Package pdftex.def Info: ../images/braille.png  used on input line 461.
(pdftex.def)             Requested size: 77.30971pt x 113.81102pt.
 [3]
File: ../images/braille.png Graphic file (type png)
<use ../images/braille.png>
Package pdftex.def Info: ../images/braille.png  used on input line 501.
(pdftex.def)             Requested size: 77.30971pt x 113.81102pt.
File: ../images/braille.png Graphic file (type png)
<use ../images/braille.png>
Package pdftex.def Info: ../images/braille.png  used on input line 537.
(pdftex.def)             Requested size: 77.30971pt x 113.81102pt.
File: ../images/braille.png Graphic file (type png)
<use ../images/braille.png>
Package pdftex.def Info: ../images/braille.png  used on input line 573.
(pdftex.def)             Requested size: 77.30971pt x 113.81102pt.
File: ../images/braille.png Graphic file (type png)
<use ../images/braille.png>
Package pdftex.def Info: ../images/braille.png  used on input line 609.
(pdftex.def)             Requested size: 77.30971pt x 113.81102pt.
 [4]
File: ../images/braille.png Graphic file (type png)
<use ../images/braille.png>
Package pdftex.def Info: ../images/braille.png  used on input line 649.
(pdftex.def)             Requested size: 77.30971pt x 113.81102pt.
File: ../images/braille.png Graphic file (type png)
<use ../images/braille.png>
Package pdftex.def Info: ../images/braille.png  used on input line 685.
(pdftex.def)             Requested size: 77.30971pt x 113.81102pt.
File: ../images/braille.png Graphic file (type png)
<use ../images/braille.png>
Package pdftex.def Info: ../images/braille.png  used on input line 721.
(pdftex.def)             Requested size: 77.30971pt x 113.81102pt.
File: ../images/braille.png Graphic file (type png)
<use ../images/braille.png>
Package pdftex.def Info: ../images/braille.png  used on input line 757.
(pdftex.def)             Requested size: 77.30971pt x 113.81102pt.
 [5]
File: ../images/braille.png Graphic file (type png)
<use ../images/braille.png>
Package pdftex.def Info: ../images/braille.png  used on input line 797.
(pdftex.def)             Requested size: 77.30971pt x 113.81102pt.
File: ../images/braille.png Graphic file (type png)
<use ../images/braille.png>
Package pdftex.def Info: ../images/braille.png  used on input line 833.
(pdftex.def)             Requested size: 77.30971pt x 113.81102pt.
File: ../images/braille.png Graphic file (type png)
<use ../images/braille.png>
Package pdftex.def Info: ../images/braille.png  used on input line 869.
(pdftex.def)             Requested size: 77.30971pt x 113.81102pt.
File: ../images/braille.png Graphic file (type png)
<use ../images/braille.png>
Package pdftex.def Info: ../images/braille.png  used on input line 905.
(pdftex.def)             Requested size: 77.30971pt x 113.81102pt.
 [6]
File: ../images/braille.png Graphic file (type png)
<use ../images/braille.png>
Package pdftex.def Info: ../images/braille.png  used on input line 945.
(pdftex.def)             Requested size: 77.30971pt x 113.81102pt.
File: ../images/braille.png Graphic file (type png)
<use ../images/braille.png>
Package pdftex.def Info: ../images/braille.png  used on input line 981.
(pdftex.def)             Requested size: 77.30971pt x 113.81102pt.
File: ../images/braille.png Graphic file (type png)
<use ../images/braille.png>
Package pdftex.def Info: ../images/braille.png  used on input line 1017.
(pdftex.def)             Requested size: 77.30971pt x 113.81102pt.
File: ../images/braille.png Graphic file (type png)
<use ../images/braille.png>
Package pdftex.def Info: ../images/braille.png  used on input line 1053.
(pdftex.def)             Requested size: 77.30971pt x 113.81102pt.
 [7]
File: ../images/braille.png Graphic file (type png)
<use ../images/braille.png>
Package pdftex.def Info: ../images/braille.png  used on input line 1093.
(pdftex.def)             Requested size: 77.30971pt x 113.81102pt.
File: ../images/braille.png Graphic file (type png)
<use ../images/braille.png>
Package pdftex.def Info: ../images/braille.png  used on input line 1129.
(pdftex.def)             Requested size: 77.30971pt x 113.81102pt.
File: ../images/braille.png Graphic file (type png)
<use ../images/braille.png>
Package pdftex.def Info: ../images/braille.png  used on input line 1165.
(pdftex.def)             Requested size: 77.30971pt x 113.81102pt.
File: ../images/braille.png Graphic file (type png)
<use ../images/braille.png>
Package pdftex.def Info: ../images/braille.png  used on input line 1201.
(pdftex.def)             Requested size: 77.30971pt x 113.81102pt.
 [8]
File: ../images/braille.png Graphic file (type png)
<use ../images/braille.png>
Package pdftex.def Info: ../images/braille.png  used on input line 1241.
(pdftex.def)             Requested size: 77.30971pt x 113.81102pt.
File: ../images/braille.png Graphic file (type png)
<use ../images/braille.png>
Package pdftex.def Info: ../images/braille.png  used on input line 1277.
(pdftex.def)             Requested size: 77.30971pt x 113.81102pt.
File: ../images/braille.png Graphic file (type png)
<use ../images/braille.png>
Package pdftex.def Info: ../images/braille.png  used on input line 1313.
(pdftex.def)             Requested size: 77.30971pt x 113.81102pt.
File: ../images/braille.png Graphic file (type png)
<use ../images/braille.png>
Package pdftex.def Info: ../images/braille.png  used on input line 1349.
(pdftex.def)             Requested size: 77.30971pt x 113.81102pt.
 [9]
File: ../images/braille.png Graphic file (type png)
<use ../images/braille.png>
Package pdftex.def Info: ../images/braille.png  used on input line 1389.
(pdftex.def)             Requested size: 77.30971pt x 113.81102pt.
File: ../images/braille.png Graphic file (type png)
<use ../images/braille.png>
Package pdftex.def Info: ../images/braille.png  used on input line 1425.
(pdftex.def)             Requested size: 77.30971pt x 113.81102pt.
File: ../images/braille.png Graphic file (type png)
<use ../images/braille.png>
Package pdftex.def Info: ../images/braille.png  used on input line 1461.
(pdftex.def)             Requested size: 77.30971pt x 113.81102pt.
File: ../images/braille.png Graphic file (type png)
<use ../images/braille.png>
Package pdftex.def Info: ../images/braille.png  used on input line 1497.
(pdftex.def)             Requested size: 77.30971pt x 113.81102pt.
 [10]
File: ../images/braille.png Graphic file (type png)
<use ../images/braille.png>
Package pdftex.def Info: ../images/braille.png  used on input line 1537.
(pdftex.def)             Requested size: 77.30971pt x 113.81102pt.
File: ../images/braille.png Graphic file (type png)
<use ../images/braille.png>
Package pdftex.def Info: ../images/braille.png  used on input line 1573.
(pdftex.def)             Requested size: 77.30971pt x 113.81102pt.
File: ../images/braille.png Graphic file (type png)
<use ../images/braille.png>
Package pdftex.def Info: ../images/braille.png  used on input line 1609.
(pdftex.def)             Requested size: 77.30971pt x 113.81102pt.
File: ../images/braille.png Graphic file (type png)
<use ../images/braille.png>
Package pdftex.def Info: ../images/braille.png  used on input line 1645.
(pdftex.def)             Requested size: 77.30971pt x 113.81102pt.
 [11]
File: ../images/braille.png Graphic file (type png)
<use ../images/braille.png>
Package pdftex.def Info: ../images/braille.png  used on input line 1685.
(pdftex.def)             Requested size: 77.30971pt x 113.81102pt.
File: ../images/braille.png Graphic file (type png)
<use ../images/braille.png>
Package pdftex.def Info: ../images/braille.png  used on input line 1721.
(pdftex.def)             Requested size: 77.30971pt x 113.81102pt.
File: ../images/braille.png Graphic file (type png)
<use ../images/braille.png>
Package pdftex.def Info: ../images/braille.png  used on input line 1757.
(pdftex.def)             Requested size: 77.30971pt x 113.81102pt.
File: ../images/braille.png Graphic file (type png)
<use ../images/braille.png>
Package pdftex.def Info: ../images/braille.png  used on input line 1793.
(pdftex.def)             Requested size: 77.30971pt x 113.81102pt.
 [12]
File: ../images/braille.png Graphic file (type png)
<use ../images/braille.png>
Package pdftex.def Info: ../images/braille.png  used on input line 1833.
(pdftex.def)             Requested size: 77.30971pt x 113.81102pt.
File: ../images/braille.png Graphic file (type png)
<use ../images/braille.png>
Package pdftex.def Info: ../images/braille.png  used on input line 1869.
(pdftex.def)             Requested size: 77.30971pt x 113.81102pt.
File: ../images/braille.png Graphic file (type png)
<use ../images/braille.png>
Package pdftex.def Info: ../images/braille.png  used on input line 1905.
(pdftex.def)             Requested size: 77.30971pt x 113.81102pt.
File: ../images/braille.png Graphic file (type png)
<use ../images/braille.png>
Package pdftex.def Info: ../images/braille.png  used on input line 1941.
(pdftex.def)             Requested size: 77.30971pt x 113.81102pt.
 [13]
File: ../images/braille.png Graphic file (type png)
<use ../images/braille.png>
Package pdftex.def Info: ../images/braille.png  used on input line 1981.
(pdftex.def)             Requested size: 77.30971pt x 113.81102pt.
File: ../images/braille.png Graphic file (type png)
<use ../images/braille.png>
Package pdftex.def Info: ../images/braille.png  used on input line 2017.
(pdftex.def)             Requested size: 77.30971pt x 113.81102pt.
File: ../images/braille.png Graphic file (type png)
<use ../images/braille.png>
Package pdftex.def Info: ../images/braille.png  used on input line 2053.
(pdftex.def)             Requested size: 77.30971pt x 113.81102pt.
File: ../images/braille.png Graphic file (type png)
<use ../images/braille.png>
Package pdftex.def Info: ../images/braille.png  used on input line 2089.
(pdftex.def)             Requested size: 77.30971pt x 113.81102pt.
 [14]
File: ../images/braille.png Graphic file (type png)
<use ../images/braille.png>
Package pdftex.def Info: ../images/braille.png  used on input line 2129.
(pdftex.def)             Requested size: 77.30971pt x 113.81102pt.
File: ../images/braille.png Graphic file (type png)
<use ../images/braille.png>
Package pdftex.def Info: ../images/braille.png  used on input line 2165.
(pdftex.def)             Requested size: 77.30971pt x 113.81102pt.
File: ../images/braille.png Graphic file (type png)
<use ../images/braille.png>
Package pdftex.def Info: ../images/braille.png  used on input line 2201.
(pdftex.def)             Requested size: 77.30971pt x 113.81102pt.
File: ../images/braille.png Graphic file (type png)
<use ../images/braille.png>
Package pdftex.def Info: ../images/braille.png  used on input line 2237.
(pdftex.def)             Requested size: 77.30971pt x 113.81102pt.
 [15]
File: ../images/braille.png Graphic file (type png)
<use ../images/braille.png>
Package pdftex.def Info: ../images/braille.png  used on input line 2277.
(pdftex.def)             Requested size: 77.30971pt x 113.81102pt.
File: ../images/braille.png Graphic file (type png)
<use ../images/braille.png>
Package pdftex.def Info: ../images/braille.png  used on input line 2313.
(pdftex.def)             Requested size: 77.30971pt x 113.81102pt.
File: ../images/braille.png Graphic file (type png)
<use ../images/braille.png>
Package pdftex.def Info: ../images/braille.png  used on input line 2349.
(pdftex.def)             Requested size: 77.30971pt x 113.81102pt.
File: ../images/braille.png Graphic file (type png)
<use ../images/braille.png>
Package pdftex.def Info: ../images/braille.png  used on input line 2385.
(pdftex.def)             Requested size: 77.30971pt x 113.81102pt.

[16]
File: ../images/braille.png Graphic file (type png)
<use ../images/braille.png>
Package pdftex.def Info: ../images/braille.png  used on input line 2425.
(pdftex.def)             Requested size: 77.30971pt x 113.81102pt.
File: ../images/braille.png Graphic file (type png)
<use ../images/braille.png>
Package pdftex.def Info: ../images/braille.png  used on input line 2461.
(pdftex.def)             Requested size: 77.30971pt x 113.81102pt.
File: ../images/braille.png Graphic file (type png)
<use ../images/braille.png>
Package pdftex.def Info: ../images/braille.png  used on input line 2497.
(pdftex.def)             Requested size: 77.30971pt x 113.81102pt.
File: ../images/braille.png Graphic file (type png)
<use ../images/braille.png>
Package pdftex.def Info: ../images/braille.png  used on input line 2533.
(pdftex.def)             Requested size: 77.30971pt x 113.81102pt.
 [17]
File: ../images/braille.png Graphic file (type png)
<use ../images/braille.png>
Package pdftex.def Info: ../images/braille.png  used on input line 2573.
(pdftex.def)             Requested size: 77.30971pt x 113.81102pt.
File: ../images/braille.png Graphic file (type png)
<use ../images/braille.png>
Package pdftex.def Info: ../images/braille.png  used on input line 2609.
(pdftex.def)             Requested size: 77.30971pt x 113.81102pt.
File: ../images/braille.png Graphic file (type png)
<use ../images/braille.png>
Package pdftex.def Info: ../images/braille.png  used on input line 2645.
(pdftex.def)             Requested size: 77.30971pt x 113.81102pt.
File: ../images/braille.png Graphic file (type png)
<use ../images/braille.png>
Package pdftex.def Info: ../images/braille.png  used on input line 2681.
(pdftex.def)             Requested size: 77.30971pt x 113.81102pt.
 [18]
File: ../images/braille.png Graphic file (type png)
<use ../images/braille.png>
Package pdftex.def Info: ../images/braille.png  used on input line 2721.
(pdftex.def)             Requested size: 77.30971pt x 113.81102pt.
File: ../images/braille.png Graphic file (type png)
<use ../images/braille.png>
Package pdftex.def Info: ../images/braille.png  used on input line 2757.
(pdftex.def)             Requested size: 77.30971pt x 113.81102pt.
File: ../images/braille.png Graphic file (type png)
<use ../images/braille.png>
Package pdftex.def Info: ../images/braille.png  used on input line 2793.
(pdftex.def)             Requested size: 77.30971pt x 113.81102pt.
File: ../images/braille.png Graphic file (type png)
<use ../images/braille.png>
Package pdftex.def Info: ../images/braille.png  used on input line 2829.
(pdftex.def)             Requested size: 77.30971pt x 113.81102pt.
 [19]
File: ../images/braille.png Graphic file (type png)
<use ../images/braille.png>
Package pdftex.def Info: ../images/braille.png  used on input line 2869.
(pdftex.def)             Requested size: 77.30971pt x 113.81102pt.
File: ../images/braille.png Graphic file (type png)
<use ../images/braille.png>
Package pdftex.def Info: ../images/braille.png  used on input line 2905.
(pdftex.def)             Requested size: 77.30971pt x 113.81102pt.
File: ../images/braille.png Graphic file (type png)
<use ../images/braille.png>
Package pdftex.def Info: ../images/braille.png  used on input line 2941.
(pdftex.def)             Requested size: 77.30971pt x 113.81102pt.
File: ../images/braille.png Graphic file (type png)
<use ../images/braille.png>
Package pdftex.def Info: ../images/braille.png  used on input line 2977.
(pdftex.def)             Requested size: 77.30971pt x 113.81102pt.
 [20]
File: ../images/braille.png Graphic file (type png)
<use ../images/braille.png>
Package pdftex.def Info: ../images/braille.png  used on input line 3017.
(pdftex.def)             Requested size: 77.30971pt x 113.81102pt.
File: ../images/braille.png Graphic file (type png)
<use ../images/braille.png>
Package pdftex.def Info: ../images/braille.png  used on input line 3053.
(pdftex.def)             Requested size: 77.30971pt x 113.81102pt.
File: ../images/braille.png Graphic file (type png)
<use ../images/braille.png>
Package pdftex.def Info: ../images/braille.png  used on input line 3089.
(pdftex.def)             Requested size: 77.30971pt x 113.81102pt.
File: ../images/braille.png Graphic file (type png)
<use ../images/braille.png>
Package pdftex.def Info: ../images/braille.png  used on input line 3125.
(pdftex.def)             Requested size: 77.30971pt x 113.81102pt.
 [21]
File: ../images/braille.png Graphic file (type png)
<use ../images/braille.png>
Package pdftex.def Info: ../images/braille.png  used on input line 3165.
(pdftex.def)             Requested size: 77.30971pt x 113.81102pt.
File: ../images/braille.png Graphic file (type png)
<use ../images/braille.png>
Package pdftex.def Info: ../images/braille.png  used on input line 3201.
(pdftex.def)             Requested size: 77.30971pt x 113.81102pt.
File: ../images/braille.png Graphic file (type png)
<use ../images/braille.png>
Package pdftex.def Info: ../images/braille.png  used on input line 3237.
(pdftex.def)             Requested size: 77.30971pt x 113.81102pt.
File: ../images/braille.png Graphic file (type png)
<use ../images/braille.png>
Package pdftex.def Info: ../images/braille.png  used on input line 3273.
(pdftex.def)             Requested size: 77.30971pt x 113.81102pt.
 [22]
File: ../images/braille.png Graphic file (type png)
<use ../images/braille.png>
Package pdftex.def Info: ../images/braille.png  used on input line 3313.
(pdftex.def)             Requested size: 77.30971pt x 113.81102pt.
File: ../images/braille.png Graphic file (type png)
<use ../images/braille.png>
Package pdftex.def Info: ../images/braille.png  used on input line 3349.
(pdftex.def)             Requested size: 77.30971pt x 113.81102pt.
File: ../images/braille.png Graphic file (type png)
<use ../images/braille.png>
Package pdftex.def Info: ../images/braille.png  used on input line 3385.
(pdftex.def)             Requested size: 77.30971pt x 113.81102pt.
File: ../images/braille.png Graphic file (type png)
<use ../images/braille.png>
Package pdftex.def Info: ../images/braille.png  used on input line 3421.
(pdftex.def)             Requested size: 77.30971pt x 113.81102pt.
 [23]
File: ../images/braille.png Graphic file (type png)
<use ../images/braille.png>
Package pdftex.def Info: ../images/braille.png  used on input line 3461.
(pdftex.def)             Requested size: 77.30971pt x 113.81102pt.
File: ../images/braille.png Graphic file (type png)
<use ../images/braille.png>
Package pdftex.def Info: ../images/braille.png  used on input line 3497.
(pdftex.def)             Requested size: 77.30971pt x 113.81102pt.
File: ../images/braille.png Graphic file (type png)
<use ../images/braille.png>
Package pdftex.def Info: ../images/braille.png  used on input line 3533.
(pdftex.def)             Requested size: 77.30971pt x 113.81102pt.
File: ../images/braille.png Graphic file (type png)
<use ../images/braille.png>
Package pdftex.def Info: ../images/braille.png  used on input line 3569.
(pdftex.def)             Requested size: 77.30971pt x 113.81102pt.
 [24]

Package geometry Warning: `bmargin' results in NEGATIVE (-239.00313pt).
    `height' or `tmargin' should be shortened in length.

*geometry* verbose mode - [ newgeometry ] result:
* driver: pdftex
* paper: a4paper
* layout: <same size as paper>
* layoutoffset:(h,v)=(0.0pt,0.0pt)
* modes: landscape 
* h-part:(L,W,R)=(22.76219pt, 551.98346pt, 270.3012pt)
* v-part:(T,H,B)=(25.60747pt, 810.90353pt, -239.00313pt)
* \paperwidth=845.04684pt
* \paperheight=597.50787pt
* \textwidth=551.98346pt
* \textheight=810.90353pt
* \oddsidemargin=-49.5078pt
* \evensidemargin=-49.5078pt
* \topmargin=-83.66252pt
* \headheight=12.0pt
* \headsep=25.0pt
* \topskip=10.0pt
* \footskip=30.0pt
* \marginparwidth=65.0pt
* \marginparsep=11.0pt
* \columnsep=10.0pt
* \skip\footins=8.99997pt plus 3.99956pt minus 2.00041pt
* \hoffset=0.0pt
* \voffset=0.0pt
* \mag=1000
* \@twocolumnfalse
* \@twosidefalse
* \@mparswitchfalse
* \@reversemarginfalse
* (1in=72.27pt=25.4mm, 1cm=28.453pt)

LaTeX Font Info:    Calculating math sizes for size <8.33344> on input line 358
6.
LaTeX Font Info:    External font `lmex10' loaded for size
(Font)              <8.33344> on input line 3586.
LaTeX Font Info:    External font `lmex10' loaded for size
(Font)              <5.83337> on input line 3586.
LaTeX Font Info:    External font `lmex10' loaded for size
(Font)              <4.16672> on input line 3586.
[25


] [26

] (parcial.aux) ) 
Here is how much of TeX's memory you used:
 16313 strings out of 475385
 320453 string characters out of 2777380
 786024 words of memory out of 3000000
 37347 multiletter control sequences out of 15000+600000
 557039 words of font info for 111 fonts, out of 8000000 for 9000
 1141 hyphenation exceptions out of 8191
 84i,19n,89p,409b,619s stack positions out of 10000i,1000n,20000p,200000b,80000s
{C:/Users/Rado/AppData/Local/Programs/MiKTeX/fonts/enc/dvips/l
m/lm-mathsy.enc}{C:/Users/Rado/AppData/Local/Programs/MiKTeX/fonts/enc/dvips/lm
/lm-rm.enc}{C:/Users/Rado/AppData/Local/Programs/MiKTeX/fonts/enc/dvips/lm/lm-m
athit.enc}<C:/Users/Rado/AppData/Local/Programs/MiKTeX/fonts/type1/public/lm/lm
bx10.pfb><C:/Users/Rado/AppData/Local/Programs/MiKTeX/fonts/type1/public/lm/lmb
x12.pfb><C:/Users/Rado/AppData/Local/Programs/MiKTeX/fonts/type1/public/lm/lmbx
8.pfb><C:/Users/Rado/AppData/Local/Programs/MiKTeX/fonts/type1/public/lm/lmmi10
.pfb><C:/Users/Rado/AppData/Local/Programs/MiKTeX/fonts/type1/public/lm/lmmi12.
pfb><C:/Users/Rado/AppData/Local/Programs/MiKTeX/fonts/type1/public/lm/lmmi7.pf
b><C:/Users/Rado/AppData/Local/Programs/MiKTeX/fonts/type1/public/lm/lmmi8.pfb>
<C:/Users/Rado/AppData/Local/Programs/MiKTeX/fonts/type1/public/lm/lmmib10.pfb>
<C:/Users/Rado/AppData/Local/Programs/MiKTeX/fonts/type1/public/lm/lmr10.pfb><C
:/Users/Rado/AppData/Local/Programs/MiKTeX/fonts/type1/public/lm/lmr17.pfb><C:/
Users/Rado/AppData/Local/Programs/MiKTeX/fonts/type1/public/lm/lmr6.pfb><C:/Use
rs/Rado/AppData/Local/Programs/MiKTeX/fonts/type1/public/lm/lmr7.pfb><C:/Users/
Rado/AppData/Local/Programs/MiKTeX/fonts/type1/public/lm/lmr8.pfb><C:/Users/Rad
o/AppData/Local/Programs/MiKTeX/fonts/type1/public/lm/lmr9.pfb><C:/Users/Rado/A
ppData/Local/Programs/MiKTeX/fonts/type1/public/lm/lmri10.pfb><C:/Users/Rado/Ap
pData/Local/Programs/MiKTeX/fonts/type1/public/lm/lmri12.pfb><C:/Users/Rado/App
Data/Local/Programs/MiKTeX/fonts/type1/public/lm/lmsy10.pfb><C:/Users/Rado/AppD
ata/Local/Programs/MiKTeX/fonts/type1/public/lm/lmsy8.pfb><C:/Users/Rado/AppDat
a/Local/Programs/MiKTeX/fonts/type1/urw/zapfding/uzdr.pfb>
Output written on parcial.pdf (26 pages, 458819 bytes).
PDF statistics:
 189 PDF objects out of 1000 (max. 8388607)
 0 named destinations out of 1000 (max. 500000)
 18 words of extra memory for PDF output out of 10000 (max. 10000000)

